#
# There is insufficient memory for the Java Runtime Environment to continue.
# Native memory allocation (malloc) failed to allocate 566976 bytes for Chunk::new
# Possible reasons:
#   The system is out of physical RAM or swap space
#   The process is running with CompressedOops enabled, and the Java Heap may be blocking the growth of the native heap
# Possible solutions:
#   Reduce memory load on the system
#   Increase physical memory or swap space
#   Check if swap backing store is full
#   Decrease Java heap size (-Xmx/-Xms)
#   Decrease number of Java threads
#   Decrease Java thread stack sizes (-Xss)
#   Set larger code cache with -XX:ReservedCodeCacheSize=
#   JVM is running with Unscaled Compressed Oops mode in which the Java heap is
#     placed in the first 4GB address space. The Java Heap base address is the
#     maximum limit for the native heap growth. Please use -XX:HeapBaseMinAddress
#     to set the Java Heap base and to place the Java Heap above 4GB virtual address.
# This output file may be truncated or incomplete.
#
#  Out of Memory Error (arena.cpp:189), pid=19668, tid=14548
#
# JRE version: OpenJDK Runtime Environment Temurin-17.0.3+7 (17.0.3+7) (build 17.0.3+7)
# Java VM: OpenJDK 64-Bit Server VM Temurin-17.0.3+7 (17.0.3+7, mixed mode, tiered, compressed oops, compressed class ptrs, parallel gc, windows-amd64)
# No core dump will be written. Minidumps are not enabled by default on client versions of Windows
#

---------------  S U M M A R Y ------------

Command Line: --add-modules=ALL-SYSTEM --add-opens=java.base/java.util=ALL-UNNAMED --add-opens=java.base/java.lang=ALL-UNNAMED --add-opens=java.base/sun.nio.fs=ALL-UNNAMED -Declipse.application=org.eclipse.jdt.ls.core.id1 -Dosgi.bundles.defaultStartLevel=4 -Declipse.product=org.eclipse.jdt.ls.core.product -Djava.import.generatesMetadataFilesAtProjectRoot=false -Dfile.encoding=utf8 -DwatchParentProcess=false -XX:+UseParallelGC -XX:GCTimeRatio=4 -XX:AdaptiveSizePolicyWeight=90 -Dsun.zip.disableMemoryMapping=true -Xmx1G -Xms100m -javaagent:c:\Users\ASUS\.vscode\extensions\redhat.java-1.9.0-win32-x64\lombok\lombok-1.18.24.jar -XX:+HeapDumpOnOutOfMemoryError -XX:HeapDumpPath=c:\Users\ASUS\AppData\Roaming\Code\User\workspaceStorage\8e73943d62e0a0d1710d2c827a2d9be0\redhat.java c:\Users\ASUS\.vscode\extensions\redhat.java-1.9.0-win32-x64\server\plugins\org.eclipse.equinox.launcher_1.6.400.v20210924-0641.jar -configuration c:\Users\ASUS\AppData\Roaming\Code\User\globalStorage\redhat.java\1.9.0\config_win -data c:\Users\ASUS\AppData\Roaming\Code\User\workspaceStorage\8e73943d62e0a0d1710d2c827a2d9be0\redhat.java\jdt_ws

Host: 11th Gen Intel(R) Core(TM) i5-1135G7 @ 2.40GHz, 8 cores, 7G,  Windows 11 , 64 bit Build 22000 (10.0.22000.708)
Time: Thu Jul 28 09:03:45 2022 SE Asia Standard Time elapsed time: 60.130953 seconds (0d 0h 1m 0s)

---------------  T H R E A D  ---------------

Current thread (0x000002bcd8972c30):  JavaThread "C2 CompilerThread0" daemon [_thread_in_native, id=14548, stack(0x000000e8ff900000,0x000000e8ffa00000)]


Current CompileTask:
C2:  60131 6654       4       java.lang.ClassLoader::defineClass (43 bytes)

Stack: [0x000000e8ff900000,0x000000e8ffa00000]
Native frames: (J=compiled Java code, j=interpreted, Vv=VM code, C=native code)
V  [jvm.dll+0x675efa]
V  [jvm.dll+0x830a24]
V  [jvm.dll+0x8321ce]
V  [jvm.dll+0x832833]
V  [jvm.dll+0x2454b5]
V  [jvm.dll+0xabd7b]
V  [jvm.dll+0xac30c]
V  [jvm.dll+0x2ac5bf]
V  [jvm.dll+0x57cd09]
V  [jvm.dll+0x22056d]
V  [jvm.dll+0x22094f]
V  [jvm.dll+0x21a1b5]
V  [jvm.dll+0x21767b]
V  [jvm.dll+0x1a3ccd]
V  [jvm.dll+0x227178]
V  [jvm.dll+0x2252bc]
V  [jvm.dll+0x7e673b]
V  [jvm.dll+0x7e0cfa]
V  [jvm.dll+0x674d85]
C  [ucrtbase.dll+0x26c0c]
C  [KERNEL32.DLL+0x154e0]
C  [ntdll.dll+0x485b]


---------------  P R O C E S S  ---------------

Threads class SMR info:
_java_thread_list=0x000002bcdaf061e0, length=32, elements={
0x000002bcc2fb7380, 0x000002bcc3073ea0, 0x000002bcc3074960, 0x000002bcd6e29340,
0x000002bcd6e29c00, 0x000002bcd6e2bc70, 0x000002bcd8966d40, 0x000002bcd8972c30,
0x000002bcd8993ce0, 0x000002bcc307d240, 0x000002bcd8965ed0, 0x000002bcd89663a0,
0x000002bcd8965a00, 0x000002bcd8968a20, 0x000002bcd8965060, 0x000002bcd8965530,
0x000002bcdac491c0, 0x000002bcdac4a030, 0x000002bcdac48820, 0x000002bcdac4bd10,
0x000002bcdac4a9d0, 0x000002bcdac4a500, 0x000002bcdac4aea0, 0x000002bcdac4b370,
0x000002bcde578930, 0x000002bcde574f70, 0x000002bcde57b950, 0x000002bcde577120,
0x000002bcde578e00, 0x000002bcde577ac0, 0x000002bcde544860, 0x000002bcde5b9d40
}

Java Threads: ( => current thread )
  0x000002bcc2fb7380 JavaThread "main" [_thread_blocked, id=532, stack(0x000000e8fef00000,0x000000e8ff000000)]
  0x000002bcc3073ea0 JavaThread "Reference Handler" daemon [_thread_blocked, id=2828, stack(0x000000e8ff300000,0x000000e8ff400000)]
  0x000002bcc3074960 JavaThread "Finalizer" daemon [_thread_blocked, id=11524, stack(0x000000e8ff400000,0x000000e8ff500000)]
  0x000002bcd6e29340 JavaThread "Signal Dispatcher" daemon [_thread_blocked, id=19348, stack(0x000000e8ff500000,0x000000e8ff600000)]
  0x000002bcd6e29c00 JavaThread "Attach Listener" daemon [_thread_blocked, id=13556, stack(0x000000e8ff600000,0x000000e8ff700000)]
  0x000002bcd6e2bc70 JavaThread "Service Thread" daemon [_thread_blocked, id=17212, stack(0x000000e8ff700000,0x000000e8ff800000)]
  0x000002bcd8966d40 JavaThread "Monitor Deflation Thread" daemon [_thread_blocked, id=9896, stack(0x000000e8ff800000,0x000000e8ff900000)]
=>0x000002bcd8972c30 JavaThread "C2 CompilerThread0" daemon [_thread_in_native, id=14548, stack(0x000000e8ff900000,0x000000e8ffa00000)]
  0x000002bcd8993ce0 JavaThread "C1 CompilerThread0" daemon [_thread_blocked, id=18168, stack(0x000000e8ffa00000,0x000000e8ffb00000)]
  0x000002bcc307d240 JavaThread "Sweeper thread" daemon [_thread_blocked, id=9052, stack(0x000000e8ffb00000,0x000000e8ffc00000)]
  0x000002bcd8965ed0 JavaThread "Common-Cleaner" daemon [_thread_blocked, id=3992, stack(0x000000e8ffc00000,0x000000e8ffd00000)]
  0x000002bcd89663a0 JavaThread "Notification Thread" daemon [_thread_blocked, id=17208, stack(0x000000e8ffe00000,0x000000e8fff00000)]
  0x000002bcd8965a00 JavaThread "Active Thread: Equinox Container: 58d2d3f9-8eec-4544-bd58-bf7ec9584598" [_thread_blocked, id=21232, stack(0x000000e880b00000,0x000000e880c00000)]
  0x000002bcd8968a20 JavaThread "Framework Event Dispatcher: Equinox Container: 58d2d3f9-8eec-4544-bd58-bf7ec9584598" daemon [_thread_blocked, id=12392, stack(0x000000e880c00000,0x000000e880d00000)]
  0x000002bcd8965060 JavaThread "Start Level: Equinox Container: 58d2d3f9-8eec-4544-bd58-bf7ec9584598" daemon [_thread_blocked, id=13784, stack(0x000000e880d00000,0x000000e880e00000)]
  0x000002bcd8965530 JavaThread "Refresh Thread: Equinox Container: 58d2d3f9-8eec-4544-bd58-bf7ec9584598" daemon [_thread_blocked, id=9532, stack(0x000000e881000000,0x000000e881100000)]
  0x000002bcdac491c0 JavaThread "SCR Component Actor" daemon [_thread_blocked, id=13820, stack(0x000000e881400000,0x000000e881500000)]
  0x000002bcdac4a030 JavaThread "Worker-JM" [_thread_blocked, id=3944, stack(0x000000e881600000,0x000000e881700000)]
  0x000002bcdac48820 JavaThread "Worker-0: Updating Maven Dependencies" [_thread_blocked, id=14712, stack(0x000000e881700000,0x000000e881800000)]
  0x000002bcdac4bd10 JavaThread "Worker-1: Java indexing... " [_thread_blocked, id=21256, stack(0x000000e881800000,0x000000e881900000)]
  0x000002bcdac4a9d0 JavaThread "Bundle File Closer" daemon [_thread_blocked, id=16748, stack(0x000000e881900000,0x000000e881a00000)]
  0x000002bcdac4a500 JavaThread "Java indexing" daemon [_thread_in_Java, id=14184, stack(0x000000e881a00000,0x000000e881b00000)]
  0x000002bcdac4aea0 JavaThread "pool-1-thread-1" [_thread_blocked, id=1692, stack(0x000000e881b00000,0x000000e881c00000)]
  0x000002bcdac4b370 JavaThread "Worker-2" [_thread_blocked, id=11580, stack(0x000000e881c00000,0x000000e881d00000)]
  0x000002bcde578930 JavaThread "Worker-3" [_thread_blocked, id=5260, stack(0x000000e881d00000,0x000000e881e00000)]
  0x000002bcde574f70 JavaThread "Worker-4: Initialize Workspace" [_thread_blocked, id=12876, stack(0x000000e881e00000,0x000000e881f00000)]
  0x000002bcde57b950 JavaThread "Timer-0" [_thread_blocked, id=5968, stack(0x000000e881f00000,0x000000e882000000)]
  0x000002bcde577120 JavaThread "Worker-5" [_thread_blocked, id=2972, stack(0x000000e880e00000,0x000000e880f00000)]
  0x000002bcde578e00 JavaThread "Timer-1" [_thread_blocked, id=11352, stack(0x000000e882200000,0x000000e882300000)]
  0x000002bcde577ac0 JavaThread "Connection worker" [_thread_in_native, id=17896, stack(0x000000e882300000,0x000000e882400000)]
  0x000002bcde544860 JavaThread "C2 CompilerThread1" daemon [_thread_in_native, id=1276, stack(0x000000e880700000,0x000000e880800000)]
  0x000002bcde5b9d40 JavaThread "C2 CompilerThread2" daemon [_thread_in_native, id=7272, stack(0x000000e880800000,0x000000e880900000)]

Other Threads:
  0x000002bcd8920cf0 VMThread "VM Thread" [stack: 0x000000e8ff200000,0x000000e8ff300000] [id=17276]
  0x000002bcd98e8800 WatcherThread [stack: 0x000000e8fff00000,0x000000e900000000] [id=1520]
  0x000002bcc2fcce80 GCTaskThread "GC Thread#0" [stack: 0x000000e8ff100000,0x000000e8ff200000] [id=2936]
  0x000002bcd9c4ea70 GCTaskThread "GC Thread#1" [stack: 0x000000e880000000,0x000000e880100000] [id=6812]
  0x000002bcda09e100 GCTaskThread "GC Thread#2" [stack: 0x000000e880100000,0x000000e880200000] [id=1688]
  0x000002bcda09e3b0 GCTaskThread "GC Thread#3" [stack: 0x000000e880200000,0x000000e880300000] [id=17040]
  0x000002bcda09e660 GCTaskThread "GC Thread#4" [stack: 0x000000e880300000,0x000000e880400000] [id=16012]
  0x000002bcda09e910 GCTaskThread "GC Thread#5" [stack: 0x000000e880400000,0x000000e880500000] [id=12592]
  0x000002bcdae2abf0 GCTaskThread "GC Thread#6" [stack: 0x000000e880f00000,0x000000e881000000] [id=20328]
  0x000002bcdb1b7c50 GCTaskThread "GC Thread#7" [stack: 0x000000e881300000,0x000000e881400000] [id=3252]

Threads with active compile tasks:
C2 CompilerThread0    60155 6654       4       java.lang.ClassLoader::defineClass (43 bytes)
C2 CompilerThread1    60155 6652   !   4       org.eclipse.osgi.internal.loader.classpath.ClasspathManager::findLocalClass (210 bytes)
C2 CompilerThread2    60155 6686       4       org.eclipse.jdt.internal.compiler.util.HashtableOfObject::get (68 bytes)

VM state: not at safepoint (normal execution)

VM Mutex/Monitor currently owned by a thread: None

Heap address: 0x00000000c0000000, size: 1024 MB, Compressed Oops mode: 32-bit

CDS archive(s) not mapped
Compressed class space mapped at: 0x0000000100000000-0x0000000140000000, reserved size: 1073741824
Narrow klass base: 0x0000000000000000, Narrow klass shift: 3, Narrow klass range: 0x140000000

GC Precious Log:
 CPUs: 8 total, 8 available
 Memory: 7873M
 Large Page Support: Disabled
 NUMA Support: Disabled
 Compressed Oops: Enabled (32-bit)
 Alignments: Space 512K, Generation 512K, Heap 2M
 Heap Min Capacity: 100M
 Heap Initial Capacity: 100M
 Heap Max Capacity: 1G
 Pre-touch: Disabled
 Parallel Workers: 8

Heap:
 PSYoungGen      total 39424K, used 29632K [0x00000000eab00000, 0x00000000ef980000, 0x0000000100000000)
  eden space 25600K, 61% used [0x00000000eab00000,0x00000000eba719b8,0x00000000ec400000)
  from space 13824K, 99% used [0x00000000ec400000,0x00000000ed17e9c0,0x00000000ed180000)
  to   space 27136K, 0% used [0x00000000edf00000,0x00000000edf00000,0x00000000ef980000)
 ParOldGen       total 699392K, used 289549K [0x00000000c0000000, 0x00000000eab00000, 0x00000000eab00000)
  object space 699392K, 41% used [0x00000000c0000000,0x00000000d1ac3790,0x00000000eab00000)
 Metaspace       used 50322K, committed 51200K, reserved 1097728K
  class space    used 5477K, committed 5824K, reserved 1048576K

Card table byte_map: [0x000002bcc2960000,0x000002bcc2b70000] _byte_map_base: 0x000002bcc2360000

Marking Bits: (ParMarkBitMap*) 0x00007ffbc7374b80
 Begin Bits: [0x000002bcd4c30000, 0x000002bcd5c30000)
 End Bits:   [0x000002bcd5c30000, 0x000002bcd6c30000)

Polling page: 0x000002bcc0f20000

Metaspace:

Usage:
  Non-class:     43.79 MB used.
      Class:      5.35 MB used.
       Both:     49.14 MB used.

Virtual space:
  Non-class space:       48.00 MB reserved,      44.31 MB ( 92%) committed,  6 nodes.
      Class space:        1.00 GB reserved,       5.69 MB ( <1%) committed,  1 nodes.
             Both:        1.05 GB reserved,      50.00 MB (  5%) committed. 

Chunk freelists:
   Non-Class:  3.67 MB
       Class:  2.23 MB
        Both:  5.91 MB

MaxMetaspaceSize: unlimited
CompressedClassSpaceSize: 1.00 GB
Initial GC threshold: 21.00 MB
Current GC threshold: 81.88 MB
CDS: off
MetaspaceReclaimPolicy: balanced
 - commit_granule_bytes: 65536.
 - commit_granule_words: 8192.
 - virtual_space_node_default_size: 1048576.
 - enlarge_chunks_in_place: 1.
 - new_chunks_are_fully_committed: 0.
 - uncommit_free_chunks: 1.
 - use_allocation_guard: 0.
 - handle_deallocations: 1.


Internal statistics:

num_allocs_failed_limit: 6.
num_arena_births: 326.
num_arena_deaths: 14.
num_vsnodes_births: 7.
num_vsnodes_deaths: 0.
num_space_committed: 800.
num_space_uncommitted: 0.
num_chunks_returned_to_freelist: 20.
num_chunks_taken_from_freelist: 2142.
num_chunk_merges: 10.
num_chunk_splits: 1412.
num_chunks_enlarged: 904.
num_purges: 2.
num_inconsistent_stats: 0.

CodeHeap 'non-profiled nmethods': size=120000Kb used=4541Kb max_used=4541Kb free=115458Kb
 bounds [0x000002bccd700000, 0x000002bccdb70000, 0x000002bcd4c30000]
CodeHeap 'profiled nmethods': size=120000Kb used=11796Kb max_used=11796Kb free=108204Kb
 bounds [0x000002bcc61d0000, 0x000002bcc6d60000, 0x000002bccd700000]
CodeHeap 'non-nmethods': size=5760Kb used=1297Kb max_used=1386Kb free=4462Kb
 bounds [0x000002bcc5c30000, 0x000002bcc5ea0000, 0x000002bcc61d0000]
 total_blobs=6375 nmethods=5764 adapters=525
 compilation: enabled
              stopped_count=0, restarted_count=0
 full_count=0

Compilation events (20 events):
Event: 60.082 Thread 0x000002bcd8993ce0 6671       3       java.lang.reflect.ProxyGenerator$ProxyMethod::generateMethod (548 bytes)
Event: 60.085 Thread 0x000002bcde5b9d40 nmethod 6617 0x000002bccdb67610 code [0x000002bccdb678e0, 0x000002bccdb6a050]
Event: 60.086 Thread 0x000002bcde5b9d40 6658   !   4       java.util.jar.JarFile::checkForSpecialAttributes (163 bytes)
Event: 60.087 Thread 0x000002bcd8993ce0 nmethod 6671 0x000002bcc6d4b510 code [0x000002bcc6d4baa0, 0x000002bcc6d4ea98]
Event: 60.089 Thread 0x000002bcd8993ce0 6672       3       jdk.internal.org.objectweb.asm.SymbolTable::addMergedType (164 bytes)
Event: 60.089 Thread 0x000002bcd8993ce0 nmethod 6672 0x000002bcc6d4fa10 code [0x000002bcc6d4fc20, 0x000002bcc6d50298]
Event: 60.090 Thread 0x000002bcd8993ce0 6673       3       java.lang.reflect.ProxyGenerator$ProxyMethod::codeFieldInitialization (165 bytes)
Event: 60.091 Thread 0x000002bcd8993ce0 nmethod 6673 0x000002bcc6d50690 code [0x000002bcc6d50940, 0x000002bcc6d515e8]
Event: 60.092 Thread 0x000002bcd8993ce0 6674       3       java.lang.Class::forName (15 bytes)
Event: 60.092 Thread 0x000002bcd8993ce0 nmethod 6674 0x000002bcc6d51a90 code [0x000002bcc6d51c40, 0x000002bcc6d51e58]
Event: 60.107 Thread 0x000002bcd8993ce0 6677       3       org.eclipse.jdt.internal.compiler.util.HashtableOfObject::get (68 bytes)
Event: 60.108 Thread 0x000002bcd8993ce0 nmethod 6677 0x000002bcc6d51f90 code [0x000002bcc6d52180, 0x000002bcc6d52638]
Event: 60.113 Thread 0x000002bcd8993ce0 6678       3       org.eclipse.jdt.internal.compiler.util.HashtableOfObject::putUnsafely (78 bytes)
Event: 60.113 Thread 0x000002bcd8993ce0 nmethod 6678 0x000002bcc6d52910 code [0x000002bcc6d52b00, 0x000002bcc6d53118]
Event: 60.115 Thread 0x000002bcd8993ce0 6679       3       org.gradle.internal.classloader.FilteringClassLoader$TrieSet::find (9 bytes)
Event: 60.115 Thread 0x000002bcd8993ce0 nmethod 6679 0x000002bcc6d53390 code [0x000002bcc6d53540, 0x000002bcc6d536a8]
Event: 60.127 Thread 0x000002bcd8993ce0 6682       3       org.eclipse.jdt.internal.compiler.util.HashtableOfObject::put (113 bytes)
Event: 60.127 Thread 0x000002bcd8993ce0 nmethod 6682 0x000002bcc6d53790 code [0x000002bcc6d539c0, 0x000002bcc6d542a8]
Event: 60.128 Thread 0x000002bcd8993ce0 6683       3       org.eclipse.jdt.internal.core.index.DiskIndex$IntList::add (67 bytes)
Event: 60.128 Thread 0x000002bcd8993ce0 nmethod 6683 0x000002bcc6d54690 code [0x000002bcc6d54840, 0x000002bcc6d54b88]

GC Heap History (20 events):
Event: 58.902 GC heap before
{Heap before GC invocations=601 (full 459):
 PSYoungGen      total 39424K, used 25599K [0x00000000eab00000, 0x00000000ef400000, 0x0000000100000000)
  eden space 25600K, 99% used [0x00000000eab00000,0x00000000ec3ffff8,0x00000000ec400000)
  from space 13824K, 0% used [0x00000000ec400000,0x00000000ec400000,0x00000000ed180000)
  to   space 22528K, 0% used [0x00000000ede00000,0x00000000ede00000,0x00000000ef400000)
 ParOldGen       total 277504K, used 277290K [0x00000000c0000000, 0x00000000d0f00000, 0x00000000eab00000)
  object space 277504K, 99% used [0x00000000c0000000,0x00000000d0eca878,0x00000000d0f00000)
 Metaspace       used 49578K, committed 50432K, reserved 1097728K
  class space    used 5367K, committed 5696K, reserved 1048576K
}
Event: 59.008 GC heap after
{Heap after GC invocations=601 (full 459):
 PSYoungGen      total 48128K, used 25599K [0x00000000eab00000, 0x00000000ef400000, 0x0000000100000000)
  eden space 25600K, 99% used [0x00000000eab00000,0x00000000ec3ffff8,0x00000000ec400000)
  from space 22528K, 0% used [0x00000000ede00000,0x00000000ede00000,0x00000000ef400000)
  to   space 13824K, 0% used [0x00000000ec400000,0x00000000ec400000,0x00000000ed180000)
 ParOldGen       total 277504K, used 277288K [0x00000000c0000000, 0x00000000d0f00000, 0x00000000eab00000)
  object space 277504K, 99% used [0x00000000c0000000,0x00000000d0eca158,0x00000000d0f00000)
 Metaspace       used 49578K, committed 50432K, reserved 1097728K
  class space    used 5367K, committed 5696K, reserved 1048576K
}
Event: 59.008 GC heap before
{Heap before GC invocations=602 (full 460):
 PSYoungGen      total 48128K, used 25599K [0x00000000eab00000, 0x00000000ef400000, 0x0000000100000000)
  eden space 25600K, 99% used [0x00000000eab00000,0x00000000ec3ffff8,0x00000000ec400000)
  from space 22528K, 0% used [0x00000000ede00000,0x00000000ede00000,0x00000000ef400000)
  to   space 13824K, 0% used [0x00000000ec400000,0x00000000ec400000,0x00000000ed180000)
 ParOldGen       total 277504K, used 277292K [0x00000000c0000000, 0x00000000d0f00000, 0x00000000eab00000)
  object space 277504K, 99% used [0x00000000c0000000,0x00000000d0ecb1c8,0x00000000d0f00000)
 Metaspace       used 49578K, committed 50432K, reserved 1097728K
  class space    used 5367K, committed 5696K, reserved 1048576K
}
Event: 59.107 GC heap after
{Heap after GC invocations=602 (full 460):
 PSYoungGen      total 39424K, used 25599K [0x00000000eab00000, 0x00000000ef400000, 0x0000000100000000)
  eden space 25600K, 99% used [0x00000000eab00000,0x00000000ec3ffff8,0x00000000ec400000)
  from space 13824K, 0% used [0x00000000ec400000,0x00000000ec400000,0x00000000ed180000)
  to   space 22528K, 0% used [0x00000000ede00000,0x00000000ede00000,0x00000000ef400000)
 ParOldGen       total 277504K, used 277288K [0x00000000c0000000, 0x00000000d0f00000, 0x00000000eab00000)
  object space 277504K, 99% used [0x00000000c0000000,0x00000000d0eca000,0x00000000d0f00000)
 Metaspace       used 49578K, committed 50432K, reserved 1097728K
  class space    used 5367K, committed 5696K, reserved 1048576K
}
Event: 59.107 GC heap before
{Heap before GC invocations=603 (full 461):
 PSYoungGen      total 39424K, used 25599K [0x00000000eab00000, 0x00000000ef400000, 0x0000000100000000)
  eden space 25600K, 99% used [0x00000000eab00000,0x00000000ec3ffff8,0x00000000ec400000)
  from space 13824K, 0% used [0x00000000ec400000,0x00000000ec400000,0x00000000ed180000)
  to   space 22528K, 0% used [0x00000000ede00000,0x00000000ede00000,0x00000000ef400000)
 ParOldGen       total 277504K, used 277290K [0x00000000c0000000, 0x00000000d0f00000, 0x00000000eab00000)
  object space 277504K, 99% used [0x00000000c0000000,0x00000000d0ecab38,0x00000000d0f00000)
 Metaspace       used 49578K, committed 50432K, reserved 1097728K
  class space    used 5367K, committed 5696K, reserved 1048576K
}
Event: 59.206 GC heap after
{Heap after GC invocations=603 (full 461):
 PSYoungGen      total 48128K, used 25599K [0x00000000eab00000, 0x00000000ef400000, 0x0000000100000000)
  eden space 25600K, 99% used [0x00000000eab00000,0x00000000ec3ffff8,0x00000000ec400000)
  from space 22528K, 0% used [0x00000000ede00000,0x00000000ede00000,0x00000000ef400000)
  to   space 13824K, 0% used [0x00000000ec400000,0x00000000ec400000,0x00000000ed180000)
 ParOldGen       total 277504K, used 277289K [0x00000000c0000000, 0x00000000d0f00000, 0x00000000eab00000)
  object space 277504K, 99% used [0x00000000c0000000,0x00000000d0eca4b8,0x00000000d0f00000)
 Metaspace       used 49578K, committed 50432K, reserved 1097728K
  class space    used 5367K, committed 5696K, reserved 1048576K
}
Event: 59.207 GC heap before
{Heap before GC invocations=604 (full 462):
 PSYoungGen      total 48128K, used 25599K [0x00000000eab00000, 0x00000000ef400000, 0x0000000100000000)
  eden space 25600K, 99% used [0x00000000eab00000,0x00000000ec3ffff8,0x00000000ec400000)
  from space 22528K, 0% used [0x00000000ede00000,0x00000000ede00000,0x00000000ef400000)
  to   space 13824K, 0% used [0x00000000ec400000,0x00000000ec400000,0x00000000ed180000)
 ParOldGen       total 277504K, used 277332K [0x00000000c0000000, 0x00000000d0f00000, 0x00000000eab00000)
  object space 277504K, 99% used [0x00000000c0000000,0x00000000d0ed5250,0x00000000d0f00000)
 Metaspace       used 49578K, committed 50432K, reserved 1097728K
  class space    used 5367K, committed 5696K, reserved 1048576K
}
Event: 59.327 GC heap after
{Heap after GC invocations=604 (full 462):
 PSYoungGen      total 39424K, used 25599K [0x00000000eab00000, 0x00000000ef400000, 0x0000000100000000)
  eden space 25600K, 99% used [0x00000000eab00000,0x00000000ec3ffff8,0x00000000ec400000)
  from space 13824K, 0% used [0x00000000ec400000,0x00000000ec400000,0x00000000ed180000)
  to   space 22528K, 0% used [0x00000000ede00000,0x00000000ede00000,0x00000000ef400000)
 ParOldGen       total 277504K, used 277328K [0x00000000c0000000, 0x00000000d0f00000, 0x00000000eab00000)
  object space 277504K, 99% used [0x00000000c0000000,0x00000000d0ed4068,0x00000000d0f00000)
 Metaspace       used 49578K, committed 50432K, reserved 1097728K
  class space    used 5367K, committed 5696K, reserved 1048576K
}
Event: 59.328 GC heap before
{Heap before GC invocations=605 (full 463):
 PSYoungGen      total 39424K, used 25599K [0x00000000eab00000, 0x00000000ef400000, 0x0000000100000000)
  eden space 25600K, 99% used [0x00000000eab00000,0x00000000ec3ffff8,0x00000000ec400000)
  from space 13824K, 0% used [0x00000000ec400000,0x00000000ec400000,0x00000000ed180000)
  to   space 22528K, 0% used [0x00000000ede00000,0x00000000ede00000,0x00000000ef400000)
 ParOldGen       total 277504K, used 277337K [0x00000000c0000000, 0x00000000d0f00000, 0x00000000eab00000)
  object space 277504K, 99% used [0x00000000c0000000,0x00000000d0ed64c8,0x00000000d0f00000)
 Metaspace       used 49578K, committed 50432K, reserved 1097728K
  class space    used 5367K, committed 5696K, reserved 1048576K
}
Event: 59.447 GC heap after
{Heap after GC invocations=605 (full 463):
 PSYoungGen      total 48128K, used 25599K [0x00000000eab00000, 0x00000000ef400000, 0x0000000100000000)
  eden space 25600K, 99% used [0x00000000eab00000,0x00000000ec3ffff8,0x00000000ec400000)
  from space 22528K, 0% used [0x00000000ede00000,0x00000000ede00000,0x00000000ef400000)
  to   space 13824K, 0% used [0x00000000ec400000,0x00000000ec400000,0x00000000ed180000)
 ParOldGen       total 277504K, used 277335K [0x00000000c0000000, 0x00000000d0f00000, 0x00000000eab00000)
  object space 277504K, 99% used [0x00000000c0000000,0x00000000d0ed5ec8,0x00000000d0f00000)
 Metaspace       used 49578K, committed 50432K, reserved 1097728K
  class space    used 5367K, committed 5696K, reserved 1048576K
}
Event: 59.447 GC heap before
{Heap before GC invocations=606 (full 464):
 PSYoungGen      total 48128K, used 25599K [0x00000000eab00000, 0x00000000ef400000, 0x0000000100000000)
  eden space 25600K, 99% used [0x00000000eab00000,0x00000000ec3ffff8,0x00000000ec400000)
  from space 22528K, 0% used [0x00000000ede00000,0x00000000ede00000,0x00000000ef400000)
  to   space 13824K, 0% used [0x00000000ec400000,0x00000000ec400000,0x00000000ed180000)
 ParOldGen       total 277504K, used 277338K [0x00000000c0000000, 0x00000000d0f00000, 0x00000000eab00000)
  object space 277504K, 99% used [0x00000000c0000000,0x00000000d0ed69a8,0x00000000d0f00000)
 Metaspace       used 49578K, committed 50432K, reserved 1097728K
  class space    used 5367K, committed 5696K, reserved 1048576K
}
Event: 59.567 GC heap after
{Heap after GC invocations=606 (full 464):
 PSYoungGen      total 39424K, used 25599K [0x00000000eab00000, 0x00000000ef400000, 0x0000000100000000)
  eden space 25600K, 99% used [0x00000000eab00000,0x00000000ec3ffff8,0x00000000ec400000)
  from space 13824K, 0% used [0x00000000ec400000,0x00000000ec400000,0x00000000ed180000)
  to   space 22528K, 0% used [0x00000000ede00000,0x00000000ede00000,0x00000000ef400000)
 ParOldGen       total 277504K, used 277334K [0x00000000c0000000, 0x00000000d0f00000, 0x00000000eab00000)
  object space 277504K, 99% used [0x00000000c0000000,0x00000000d0ed5960,0x00000000d0f00000)
 Metaspace       used 49578K, committed 50432K, reserved 1097728K
  class space    used 5367K, committed 5696K, reserved 1048576K
}
Event: 59.568 GC heap before
{Heap before GC invocations=607 (full 465):
 PSYoungGen      total 39424K, used 25599K [0x00000000eab00000, 0x00000000ef400000, 0x0000000100000000)
  eden space 25600K, 99% used [0x00000000eab00000,0x00000000ec3ffff8,0x00000000ec400000)
  from space 13824K, 0% used [0x00000000ec400000,0x00000000ec400000,0x00000000ed180000)
  to   space 22528K, 0% used [0x00000000ede00000,0x00000000ede00000,0x00000000ef400000)
 ParOldGen       total 277504K, used 277337K [0x00000000c0000000, 0x00000000d0f00000, 0x00000000eab00000)
  object space 277504K, 99% used [0x00000000c0000000,0x00000000d0ed65c8,0x00000000d0f00000)
 Metaspace       used 49578K, committed 50432K, reserved 1097728K
  class space    used 5367K, committed 5696K, reserved 1048576K
}
Event: 59.689 GC heap after
{Heap after GC invocations=607 (full 465):
 PSYoungGen      total 48128K, used 25599K [0x00000000eab00000, 0x00000000ef400000, 0x0000000100000000)
  eden space 25600K, 99% used [0x00000000eab00000,0x00000000ec3ffff8,0x00000000ec400000)
  from space 22528K, 0% used [0x00000000ede00000,0x00000000ede00000,0x00000000ef400000)
  to   space 13824K, 0% used [0x00000000ec400000,0x00000000ec400000,0x00000000ed180000)
 ParOldGen       total 277504K, used 277335K [0x00000000c0000000, 0x00000000d0f00000, 0x00000000eab00000)
  object space 277504K, 99% used [0x00000000c0000000,0x00000000d0ed5c28,0x00000000d0f00000)
 Metaspace       used 49578K, committed 50432K, reserved 1097728K
  class space    used 5367K, committed 5696K, reserved 1048576K
}
Event: 59.690 GC heap before
{Heap before GC invocations=608 (full 466):
 PSYoungGen      total 48128K, used 25599K [0x00000000eab00000, 0x00000000ef400000, 0x0000000100000000)
  eden space 25600K, 99% used [0x00000000eab00000,0x00000000ec3ffff8,0x00000000ec400000)
  from space 22528K, 0% used [0x00000000ede00000,0x00000000ede00000,0x00000000ef400000)
  to   space 13824K, 0% used [0x00000000ec400000,0x00000000ec400000,0x00000000ed180000)
 ParOldGen       total 277504K, used 277337K [0x00000000c0000000, 0x00000000d0f00000, 0x00000000eab00000)
  object space 277504K, 99% used [0x00000000c0000000,0x00000000d0ed67f0,0x00000000d0f00000)
 Metaspace       used 49578K, committed 50432K, reserved 1097728K
  class space    used 5367K, committed 5696K, reserved 1048576K
}
Event: 59.798 GC heap after
{Heap after GC invocations=608 (full 466):
 PSYoungGen      total 39424K, used 25599K [0x00000000eab00000, 0x00000000ef400000, 0x0000000100000000)
  eden space 25600K, 99% used [0x00000000eab00000,0x00000000ec3ffff8,0x00000000ec400000)
  from space 13824K, 0% used [0x00000000ec400000,0x00000000ec400000,0x00000000ed180000)
  to   space 22528K, 0% used [0x00000000ede00000,0x00000000ede00000,0x00000000ef400000)
 ParOldGen       total 277504K, used 277335K [0x00000000c0000000, 0x00000000d0f00000, 0x00000000eab00000)
  object space 277504K, 99% used [0x00000000c0000000,0x00000000d0ed5d60,0x00000000d0f00000)
 Metaspace       used 49578K, committed 50432K, reserved 1097728K
  class space    used 5367K, committed 5696K, reserved 1048576K
}
Event: 59.798 GC heap before
{Heap before GC invocations=609 (full 467):
 PSYoungGen      total 39424K, used 25599K [0x00000000eab00000, 0x00000000ef400000, 0x0000000100000000)
  eden space 25600K, 99% used [0x00000000eab00000,0x00000000ec3ffff8,0x00000000ec400000)
  from space 13824K, 0% used [0x00000000ec400000,0x00000000ec400000,0x00000000ed180000)
  to   space 22528K, 0% used [0x00000000ede00000,0x00000000ede00000,0x00000000ef400000)
 ParOldGen       total 277504K, used 277339K [0x00000000c0000000, 0x00000000d0f00000, 0x00000000eab00000)
  object space 277504K, 99% used [0x00000000c0000000,0x00000000d0ed6ce0,0x00000000d0f00000)
 Metaspace       used 49578K, committed 50432K, reserved 1097728K
  class space    used 5367K, committed 5696K, reserved 1048576K
}
Event: 59.905 GC heap after
{Heap after GC invocations=609 (full 467):
 PSYoungGen      total 48128K, used 25599K [0x00000000eab00000, 0x00000000ef400000, 0x0000000100000000)
  eden space 25600K, 99% used [0x00000000eab00000,0x00000000ec3ffff8,0x00000000ec400000)
  from space 22528K, 0% used [0x00000000ede00000,0x00000000ede00000,0x00000000ef400000)
  to   space 13824K, 0% used [0x00000000ec400000,0x00000000ec400000,0x00000000ed180000)
 ParOldGen       total 699392K, used 277335K [0x00000000c0000000, 0x00000000eab00000, 0x00000000eab00000)
  object space 699392K, 39% used [0x00000000c0000000,0x00000000d0ed5c00,0x00000000eab00000)
 Metaspace       used 49578K, committed 50432K, reserved 1097728K
  class space    used 5367K, committed 5696K, reserved 1048576K
}
Event: 59.905 GC heap before
{Heap before GC invocations=610 (full 467):
 PSYoungGen      total 48128K, used 25599K [0x00000000eab00000, 0x00000000ef400000, 0x0000000100000000)
  eden space 25600K, 99% used [0x00000000eab00000,0x00000000ec3ffff8,0x00000000ec400000)
  from space 22528K, 0% used [0x00000000ede00000,0x00000000ede00000,0x00000000ef400000)
  to   space 13824K, 0% used [0x00000000ec400000,0x00000000ec400000,0x00000000ed180000)
 ParOldGen       total 699392K, used 277337K [0x00000000c0000000, 0x00000000eab00000, 0x00000000eab00000)
  object space 699392K, 39% used [0x00000000c0000000,0x00000000d0ed6670,0x00000000eab00000)
 Metaspace       used 49578K, committed 50432K, reserved 1097728K
  class space    used 5367K, committed 5696K, reserved 1048576K
}
Event: 59.924 GC heap after
{Heap after GC invocations=610 (full 467):
 PSYoungGen      total 39424K, used 13818K [0x00000000eab00000, 0x00000000ef980000, 0x0000000100000000)
  eden space 25600K, 0% used [0x00000000eab00000,0x00000000eab00000,0x00000000ec400000)
  from space 13824K, 99% used [0x00000000ec400000,0x00000000ed17e9c0,0x00000000ed180000)
  to   space 27136K, 0% used [0x00000000edf00000,0x00000000edf00000,0x00000000ef980000)
 ParOldGen       total 699392K, used 289549K [0x00000000c0000000, 0x00000000eab00000, 0x00000000eab00000)
  object space 699392K, 41% used [0x00000000c0000000,0x00000000d1ac3790,0x00000000eab00000)
 Metaspace       used 49578K, committed 50432K, reserved 1097728K
  class space    used 5367K, committed 5696K, reserved 1048576K
}

Deoptimization events (20 events):
Event: 54.750 Thread 0x000002bcdac4a500 DEOPT PACKING pc=0x000002bccdb577f0 sp=0x000000e881afeea0
Event: 54.750 Thread 0x000002bcdac4a500 DEOPT UNPACKING pc=0x000002bcc5c85923 sp=0x000000e881afee50 mode 2
Event: 59.939 Thread 0x000002bcd8965a00 Uncommon trap: trap_request=0xffffff45 fr.pc=0x000002bccd79f150 relative=0x0000000000000610
Event: 59.939 Thread 0x000002bcd8965a00 Uncommon trap: reason=unstable_if action=reinterpret pc=0x000002bccd79f150 method=java.util.HashMap.removeNode(ILjava/lang/Object;Ljava/lang/Object;ZZ)Ljava/util/HashMap$Node; @ 62 c2
Event: 59.939 Thread 0x000002bcd8965a00 DEOPT PACKING pc=0x000002bccd79f150 sp=0x000000e880bfebd0
Event: 59.939 Thread 0x000002bcd8965a00 DEOPT UNPACKING pc=0x000002bcc5c85923 sp=0x000000e880bfead0 mode 2
Event: 60.030 Thread 0x000002bcdac4a500 DEOPT PACKING pc=0x000002bcc6d18158 sp=0x000000e881afece0
Event: 60.030 Thread 0x000002bcdac4a500 DEOPT UNPACKING pc=0x000002bcc5c86463 sp=0x000000e881afe328 mode 0
Event: 60.103 Thread 0x000002bcdac4a500 Uncommon trap: trap_request=0xffffff45 fr.pc=0x000002bccda1a0e0 relative=0x00000000000002c0
Event: 60.103 Thread 0x000002bcdac4a500 Uncommon trap: reason=unstable_if action=reinterpret pc=0x000002bccda1a0e0 method=org.eclipse.jdt.internal.compiler.util.HashtableOfObject.putUnsafely([CLjava/lang/Object;)V @ 70 c2
Event: 60.103 Thread 0x000002bcdac4a500 DEOPT PACKING pc=0x000002bccda1a0e0 sp=0x000000e881afee10
Event: 60.103 Thread 0x000002bcdac4a500 DEOPT UNPACKING pc=0x000002bcc5c85923 sp=0x000000e881afedb8 mode 2
Event: 60.103 Thread 0x000002bcdac4a500 Uncommon trap: trap_request=0xffffff45 fr.pc=0x000002bccd9b4328 relative=0x0000000000000388
Event: 60.104 Thread 0x000002bcdac4a500 Uncommon trap: reason=unstable_if action=reinterpret pc=0x000002bccd9b4328 method=org.eclipse.jdt.internal.compiler.util.HashtableOfObject.get([C)Ljava/lang/Object; @ 49 c2
Event: 60.104 Thread 0x000002bcdac4a500 DEOPT PACKING pc=0x000002bccd9b4328 sp=0x000000e881afee20
Event: 60.104 Thread 0x000002bcdac4a500 DEOPT UNPACKING pc=0x000002bcc5c85923 sp=0x000000e881afeda8 mode 2
Event: 60.110 Thread 0x000002bcdac4a500 Uncommon trap: trap_request=0xffffff45 fr.pc=0x000002bccda05bdc relative=0x000000000000025c
Event: 60.110 Thread 0x000002bcdac4a500 Uncommon trap: reason=unstable_if action=reinterpret pc=0x000002bccda05bdc method=org.eclipse.jdt.internal.compiler.util.HashtableOfObject.put([CLjava/lang/Object;)Ljava/lang/Object; @ 35 c2
Event: 60.110 Thread 0x000002bcdac4a500 DEOPT PACKING pc=0x000002bccda05bdc sp=0x000000e881afee00
Event: 60.110 Thread 0x000002bcdac4a500 DEOPT UNPACKING pc=0x000002bcc5c85923 sp=0x000000e881afedb0 mode 2

Classes unloaded (7 events):
Event: 2.254 Thread 0x000002bcd8920cf0 Unloading class 0x0000000100218000 'java/lang/invoke/LambdaForm$MH+0x0000000100218000'
Event: 2.254 Thread 0x000002bcd8920cf0 Unloading class 0x0000000100217c00 'java/lang/invoke/LambdaForm$MH+0x0000000100217c00'
Event: 2.254 Thread 0x000002bcd8920cf0 Unloading class 0x0000000100217800 'java/lang/invoke/LambdaForm$MH+0x0000000100217800'
Event: 2.254 Thread 0x000002bcd8920cf0 Unloading class 0x0000000100217400 'java/lang/invoke/LambdaForm$MH+0x0000000100217400'
Event: 2.254 Thread 0x000002bcd8920cf0 Unloading class 0x0000000100216c00 'java/lang/invoke/LambdaForm$BMH+0x0000000100216c00'
Event: 2.254 Thread 0x000002bcd8920cf0 Unloading class 0x0000000100216800 'java/lang/invoke/LambdaForm$DMH+0x0000000100216800'
Event: 2.254 Thread 0x000002bcd8920cf0 Unloading class 0x0000000100214000 'java/lang/invoke/LambdaForm$DMH+0x0000000100214000'

Classes redefined (0 events):
No events

Internal exceptions (20 events):
Event: 5.269 Thread 0x000002bcde574f70 Exception <a 'sun/nio/fs/WindowsException'{0x00000000eb0b3d58}> (0x00000000eb0b3d58) 
thrown [e:\jenkins\tmp\workspace\build\src\src\hotspot\share\prims\jni.cpp, line 516]
Event: 5.271 Thread 0x000002bcde574f70 Exception <a 'sun/nio/fs/WindowsException'{0x00000000eb0bed98}> (0x00000000eb0bed98) 
thrown [e:\jenkins\tmp\workspace\build\src\src\hotspot\share\prims\jni.cpp, line 516]
Event: 5.274 Thread 0x000002bcde574f70 Exception <a 'sun/nio/fs/WindowsException'{0x00000000eb0c9ad0}> (0x00000000eb0c9ad0) 
thrown [e:\jenkins\tmp\workspace\build\src\src\hotspot\share\prims\jni.cpp, line 516]
Event: 6.088 Thread 0x000002bcde574f70 Exception <a 'java/lang/ClassNotFoundException'{0x00000000eb668500}: com/sun/org/apache/xerces/internal/impl/msg/spi/DOMMessagesProvider> (0x00000000eb668500) 
thrown [e:\jenkins\tmp\workspace\build\src\src\hotspot\share\classfile\systemDictionary.cpp, line 256]
Event: 6.089 Thread 0x000002bcde574f70 Exception <a 'java/lang/ClassNotFoundException'{0x00000000eb679c38}: com/sun/org/apache/xerces/internal/impl/msg/spi/XMLSerializerMessagesProvider> (0x00000000eb679c38) 
thrown [e:\jenkins\tmp\workspace\build\src\src\hotspot\share\classfile\systemDictionary.cpp, line 256]
Event: 6.089 Thread 0x000002bcde574f70 Exception <a 'java/lang/ClassNotFoundException'{0x00000000eb686f10}: com/sun/org/apache/xerces/internal/impl/msg/spi/XMLMessagesProvider> (0x00000000eb686f10) 
thrown [e:\jenkins\tmp\workspace\build\src\src\hotspot\share\classfile\systemDictionary.cpp, line 256]
Event: 6.104 Thread 0x000002bcde574f70 Exception <a 'java/io/FileNotFoundException'{0x00000000eb71cf80}> (0x00000000eb71cf80) 
thrown [e:\jenkins\tmp\workspace\build\src\src\hotspot\share\prims\jni.cpp, line 516]
Event: 6.106 Thread 0x000002bcde574f70 Exception <a 'java/io/FileNotFoundException'{0x00000000eb726738}> (0x00000000eb726738) 
thrown [e:\jenkins\tmp\workspace\build\src\src\hotspot\share\prims\jni.cpp, line 516]
Event: 6.118 Thread 0x000002bcde574f70 Exception <a 'java/io/FileNotFoundException'{0x00000000eb750798}> (0x00000000eb750798) 
thrown [e:\jenkins\tmp\workspace\build\src\src\hotspot\share\prims\jni.cpp, line 516]
Event: 6.118 Thread 0x000002bcde574f70 Exception <a 'java/io/FileNotFoundException'{0x00000000eb751cf0}> (0x00000000eb751cf0) 
thrown [e:\jenkins\tmp\workspace\build\src\src\hotspot\share\prims\jni.cpp, line 516]
Event: 6.751 Thread 0x000002bcde574f70 Exception <a 'sun/nio/fs/WindowsException'{0x00000000eb2ea5b8}> (0x00000000eb2ea5b8) 
thrown [e:\jenkins\tmp\workspace\build\src\src\hotspot\share\prims\jni.cpp, line 516]
Event: 6.762 Thread 0x000002bcde574f70 Exception <a 'sun/nio/fs/WindowsException'{0x00000000eb67e7a8}> (0x00000000eb67e7a8) 
thrown [e:\jenkins\tmp\workspace\build\src\src\hotspot\share\prims\jni.cpp, line 516]
Event: 6.763 Thread 0x000002bcde574f70 Exception <a 'sun/nio/fs/WindowsException'{0x00000000eb6844a8}> (0x00000000eb6844a8) 
thrown [e:\jenkins\tmp\workspace\build\src\src\hotspot\share\prims\jni.cpp, line 516]
Event: 6.764 Thread 0x000002bcde574f70 Exception <a 'sun/nio/fs/WindowsException'{0x00000000eb689b68}> (0x00000000eb689b68) 
thrown [e:\jenkins\tmp\workspace\build\src\src\hotspot\share\prims\jni.cpp, line 516]
Event: 6.765 Thread 0x000002bcde574f70 Exception <a 'sun/nio/fs/WindowsException'{0x00000000eb68f328}> (0x00000000eb68f328) 
thrown [e:\jenkins\tmp\workspace\build\src\src\hotspot\share\prims\jni.cpp, line 516]
Event: 6.768 Thread 0x000002bcde574f70 Exception <a 'sun/nio/fs/WindowsException'{0x00000000eb69a8d0}> (0x00000000eb69a8d0) 
thrown [e:\jenkins\tmp\workspace\build\src\src\hotspot\share\prims\jni.cpp, line 516]
Event: 6.785 Thread 0x000002bcde574f70 Exception <a 'sun/nio/fs/WindowsException'{0x00000000ebc78af8}> (0x00000000ebc78af8) 
thrown [e:\jenkins\tmp\workspace\build\src\src\hotspot\share\prims\jni.cpp, line 516]
Event: 6.790 Thread 0x000002bcde574f70 Exception <a 'sun/nio/fs/WindowsException'{0x00000000ebca3238}> (0x00000000ebca3238) 
thrown [e:\jenkins\tmp\workspace\build\src\src\hotspot\share\prims\jni.cpp, line 516]
Event: 6.808 Thread 0x000002bcdac4a500 Implicit null exception at 0x000002bccd9b3bac to 0x000002bccd9b3c9c
Event: 59.939 Thread 0x000002bcd8965a00 Implicit null exception at 0x000002bccd79ec58 to 0x000002bccd79f120

VM Operations (20 events):
Event: 59.008 Executing VM operation: ParallelGCFailedAllocation
Event: 59.107 Executing VM operation: ParallelGCFailedAllocation done
Event: 59.107 Executing VM operation: ParallelGCFailedAllocation
Event: 59.206 Executing VM operation: ParallelGCFailedAllocation done
Event: 59.206 Executing VM operation: ParallelGCFailedAllocation
Event: 59.327 Executing VM operation: ParallelGCFailedAllocation done
Event: 59.328 Executing VM operation: ParallelGCFailedAllocation
Event: 59.447 Executing VM operation: ParallelGCFailedAllocation done
Event: 59.447 Executing VM operation: ParallelGCFailedAllocation
Event: 59.567 Executing VM operation: ParallelGCFailedAllocation done
Event: 59.568 Executing VM operation: ParallelGCFailedAllocation
Event: 59.568 Executing VM operation: ParallelGCFailedAllocation done
Event: 59.568 Executing VM operation: ParallelGCSystemGC
Event: 59.690 Executing VM operation: ParallelGCSystemGC done
Event: 59.690 Executing VM operation: ParallelGCFailedAllocation
Event: 59.798 Executing VM operation: ParallelGCFailedAllocation done
Event: 59.798 Executing VM operation: ParallelGCFailedAllocation
Event: 59.905 Executing VM operation: ParallelGCFailedAllocation done
Event: 59.905 Executing VM operation: ParallelGCFailedAllocation
Event: 59.924 Executing VM operation: ParallelGCFailedAllocation done

Events (20 events):
Event: 9.030 Thread 0x000002bcc307d240 flushing nmethod 0x000002bccd88ec90
Event: 9.031 Thread 0x000002bcc307d240 flushing nmethod 0x000002bccd95ea90
Event: 10.418 Thread 0x000002bcc301da80 Thread exited: 0x000002bcc301da80
Event: 10.418 Thread 0x000002bcdc685fe0 Thread exited: 0x000002bcdc685fe0
Event: 10.876 Thread 0x000002bcc301da80 Thread added: 0x000002bcc301da80
Event: 10.876 Thread 0x000002bcdc685fe0 Thread added: 0x000002bcdc685fe0
Event: 11.059 Thread 0x000002bcdc685fe0 Thread exited: 0x000002bcdc685fe0
Event: 11.215 Thread 0x000002bcc301da80 Thread exited: 0x000002bcc301da80
Event: 11.629 Thread 0x000002bcc301da80 Thread added: 0x000002bcc301da80
Event: 13.812 Thread 0x000002bcd89676e0 Thread exited: 0x000002bcd89676e0
Event: 13.812 Thread 0x000002bcd8967210 Thread exited: 0x000002bcd8967210
Event: 14.992 Thread 0x000002bcd8966870 Thread exited: 0x000002bcd8966870
Event: 15.992 Thread 0x000002bcd8968080 Thread exited: 0x000002bcd8968080
Event: 15.992 Thread 0x000002bcd8967bb0 Thread exited: 0x000002bcd8967bb0
Event: 16.291 Thread 0x000002bcdac48cf0 Thread exited: 0x000002bcdac48cf0
Event: 16.291 Thread 0x000002bcd8968550 Thread exited: 0x000002bcd8968550
Event: 16.782 Thread 0x000002bcdac48350 Thread exited: 0x000002bcdac48350
Event: 21.878 Thread 0x000002bcc301da80 Thread exited: 0x000002bcc301da80
Event: 59.955 Thread 0x000002bcde544860 Thread added: 0x000002bcde544860
Event: 59.958 Thread 0x000002bcde5b9d40 Thread added: 0x000002bcde5b9d40


Dynamic libraries:
0x00007ff635780000 - 0x00007ff63578e000 	c:\Users\ASUS\.vscode\extensions\redhat.java-1.9.0-win32-x64\jre\17.0.3-win32-x86_64\bin\java.exe
0x00007ffc3f940000 - 0x00007ffc3fb49000 	C:\WINDOWS\SYSTEM32\ntdll.dll
0x00007ffc3df70000 - 0x00007ffc3e02d000 	C:\WINDOWS\System32\KERNEL32.DLL
0x00007ffc3d160000 - 0x00007ffc3d4d9000 	C:\WINDOWS\System32\KERNELBASE.dll
0x00007ffc374c0000 - 0x00007ffc37551000 	C:\WINDOWS\SYSTEM32\apphelp.dll
0x00007ffc3d510000 - 0x00007ffc3d621000 	C:\WINDOWS\System32\ucrtbase.dll
0x00007ffc30790000 - 0x00007ffc307a8000 	c:\Users\ASUS\.vscode\extensions\redhat.java-1.9.0-win32-x64\jre\17.0.3-win32-x86_64\bin\jli.dll
0x00007ffc34e80000 - 0x00007ffc34e99000 	c:\Users\ASUS\.vscode\extensions\redhat.java-1.9.0-win32-x64\jre\17.0.3-win32-x86_64\bin\VCRUNTIME140.dll
0x00007ffc3e870000 - 0x00007ffc3ea1c000 	C:\WINDOWS\System32\USER32.dll
0x00007ffc3d4e0000 - 0x00007ffc3d506000 	C:\WINDOWS\System32\win32u.dll
0x00007ffc3e840000 - 0x00007ffc3e869000 	C:\WINDOWS\System32\GDI32.dll
0x00007ffc2a340000 - 0x00007ffc2a5e5000 	C:\WINDOWS\WinSxS\amd64_microsoft.windows.common-controls_6595b64144ccf1df_6.0.22000.120_none_9d947278b86cc467\COMCTL32.dll
0x00007ffc3d6b0000 - 0x00007ffc3d7c2000 	C:\WINDOWS\System32\gdi32full.dll
0x00007ffc3d950000 - 0x00007ffc3d9f3000 	C:\WINDOWS\System32\msvcrt.dll
0x00007ffc3ce20000 - 0x00007ffc3cebd000 	C:\WINDOWS\System32\msvcp_win.dll
0x00007ffc3d8f0000 - 0x00007ffc3d921000 	C:\WINDOWS\System32\IMM32.DLL
0x00007ffc34df0000 - 0x00007ffc34dfc000 	c:\Users\ASUS\.vscode\extensions\redhat.java-1.9.0-win32-x64\jre\17.0.3-win32-x86_64\bin\vcruntime140_1.dll
0x00007ffbeefb0000 - 0x00007ffbef041000 	c:\Users\ASUS\.vscode\extensions\redhat.java-1.9.0-win32-x64\jre\17.0.3-win32-x86_64\bin\msvcp140.dll
0x00007ffbc67f0000 - 0x00007ffbc7438000 	c:\Users\ASUS\.vscode\extensions\redhat.java-1.9.0-win32-x64\jre\17.0.3-win32-x86_64\bin\server\jvm.dll
0x00007ffc3e6f0000 - 0x00007ffc3e79e000 	C:\WINDOWS\System32\ADVAPI32.dll
0x00007ffc3e7a0000 - 0x00007ffc3e83e000 	C:\WINDOWS\System32\sechost.dll
0x00007ffc3dcb0000 - 0x00007ffc3ddd0000 	C:\WINDOWS\System32\RPCRT4.dll
0x00007ffc3f570000 - 0x00007ffc3f578000 	C:\WINDOWS\System32\PSAPI.DLL
0x00007ffc34020000 - 0x00007ffc34029000 	C:\WINDOWS\SYSTEM32\WSOCK32.dll
0x00007ffc3da00000 - 0x00007ffc3da6f000 	C:\WINDOWS\System32\WS2_32.dll
0x00007ffc358b0000 - 0x00007ffc358e3000 	C:\WINDOWS\SYSTEM32\WINMM.dll
0x00007ffc35610000 - 0x00007ffc3561a000 	C:\WINDOWS\SYSTEM32\VERSION.dll
0x00007ffc3c010000 - 0x00007ffc3c028000 	C:\WINDOWS\SYSTEM32\kernel.appcore.dll
0x00007ffc33300000 - 0x00007ffc3330a000 	c:\Users\ASUS\.vscode\extensions\redhat.java-1.9.0-win32-x64\jre\17.0.3-win32-x86_64\bin\jimage.dll
0x00007ffc3a860000 - 0x00007ffc3aa81000 	C:\WINDOWS\SYSTEM32\DBGHELP.DLL
0x00007ffc34a20000 - 0x00007ffc34a51000 	C:\WINDOWS\SYSTEM32\dbgcore.DLL
0x00007ffc3d630000 - 0x00007ffc3d6af000 	C:\WINDOWS\System32\bcryptPrimitives.dll
0x00007ffc332e0000 - 0x00007ffc332ee000 	c:\Users\ASUS\.vscode\extensions\redhat.java-1.9.0-win32-x64\jre\17.0.3-win32-x86_64\bin\instrument.dll
0x00007ffc2cc10000 - 0x00007ffc2cc35000 	c:\Users\ASUS\.vscode\extensions\redhat.java-1.9.0-win32-x64\jre\17.0.3-win32-x86_64\bin\java.dll
0x00007ffc2f260000 - 0x00007ffc2f278000 	c:\Users\ASUS\.vscode\extensions\redhat.java-1.9.0-win32-x64\jre\17.0.3-win32-x86_64\bin\zip.dll
0x00007ffc3ed50000 - 0x00007ffc3f508000 	C:\WINDOWS\System32\SHELL32.dll
0x00007ffc3afa0000 - 0x00007ffc3b807000 	C:\WINDOWS\SYSTEM32\windows.storage.dll
0x00007ffc3f580000 - 0x00007ffc3f8f9000 	C:\WINDOWS\System32\combase.dll
0x00007ffc3ae30000 - 0x00007ffc3af96000 	C:\WINDOWS\SYSTEM32\wintypes.dll
0x00007ffc3dae0000 - 0x00007ffc3dbca000 	C:\WINDOWS\System32\SHCORE.dll
0x00007ffc3ea20000 - 0x00007ffc3ea7d000 	C:\WINDOWS\System32\shlwapi.dll
0x00007ffc3cd50000 - 0x00007ffc3cd71000 	C:\WINDOWS\SYSTEM32\profapi.dll
0x00007ffc1e910000 - 0x00007ffc1e929000 	C:\Users\ASUS\.vscode\extensions\redhat.java-1.9.0-win32-x64\jre\17.0.3-win32-x86_64\bin\net.dll
0x00007ffc36670000 - 0x00007ffc3677c000 	C:\WINDOWS\SYSTEM32\WINHTTP.dll
0x00007ffc3c440000 - 0x00007ffc3c4a7000 	C:\WINDOWS\system32\mswsock.dll
0x00007ffc1e810000 - 0x00007ffc1e825000 	C:\Users\ASUS\.vscode\extensions\redhat.java-1.9.0-win32-x64\jre\17.0.3-win32-x86_64\bin\nio.dll
0x00007ffc30780000 - 0x00007ffc30790000 	c:\Users\ASUS\.vscode\extensions\redhat.java-1.9.0-win32-x64\jre\17.0.3-win32-x86_64\bin\verify.dll
0x00007ffc17ed0000 - 0x00007ffc17f0e000 	C:\Users\ASUS\AppData\Roaming\Code\User\globalStorage\redhat.java\1.9.0\config_win\org.eclipse.equinox.launcher\org.eclipse.equinox.launcher.win32.win32.x86_64_1.2.500.v20220509-0833\eclipse_11700.dll
0x00007ffc3ddd0000 - 0x00007ffc3df6a000 	C:\WINDOWS\System32\ole32.dll
0x00007ffc3c680000 - 0x00007ffc3c698000 	C:\WINDOWS\SYSTEM32\CRYPTSP.dll
0x00007ffc3bf70000 - 0x00007ffc3bfa5000 	C:\WINDOWS\system32\rsaenh.dll
0x00007ffc3c530000 - 0x00007ffc3c559000 	C:\WINDOWS\SYSTEM32\USERENV.dll
0x00007ffc3c800000 - 0x00007ffc3c827000 	C:\WINDOWS\SYSTEM32\bcrypt.dll
0x00007ffc3c6a0000 - 0x00007ffc3c6ac000 	C:\WINDOWS\SYSTEM32\CRYPTBASE.dll
0x00007ffc3bb40000 - 0x00007ffc3bb6d000 	C:\WINDOWS\SYSTEM32\IPHLPAPI.DLL
0x00007ffc3dad0000 - 0x00007ffc3dad9000 	C:\WINDOWS\System32\NSI.dll
0x00007ffc35ae0000 - 0x00007ffc35af9000 	C:\WINDOWS\SYSTEM32\dhcpcsvc6.DLL
0x00007ffc35ca0000 - 0x00007ffc35cbe000 	C:\WINDOWS\SYSTEM32\dhcpcsvc.DLL
0x00007ffc3bb70000 - 0x00007ffc3bc58000 	C:\WINDOWS\SYSTEM32\DNSAPI.dll
0x00007ffc17e80000 - 0x00007ffc17ec4000 	C:\Users\ASUS\AppData\Local\Temp\jna-2018896\jna2943216605984443754.dll

dbghelp: loaded successfully - version: 4.0.5 - missing functions: none
symbol engine: initialized successfully - sym options: 0x614 - pdb path: .;c:\Users\ASUS\.vscode\extensions\redhat.java-1.9.0-win32-x64\jre\17.0.3-win32-x86_64\bin;C:\WINDOWS\SYSTEM32;C:\WINDOWS\WinSxS\amd64_microsoft.windows.common-controls_6595b64144ccf1df_6.0.22000.120_none_9d947278b86cc467;c:\Users\ASUS\.vscode\extensions\redhat.java-1.9.0-win32-x64\jre\17.0.3-win32-x86_64\bin\server;C:\Users\ASUS\AppData\Roaming\Code\User\globalStorage\redhat.java\1.9.0\config_win\org.eclipse.equinox.launcher\org.eclipse.equinox.launcher.win32.win32.x86_64_1.2.500.v20220509-0833;C:\Users\ASUS\AppData\Local\Temp\jna-2018896

VM Arguments:
jvm_args: --add-modules=ALL-SYSTEM --add-opens=java.base/java.util=ALL-UNNAMED --add-opens=java.base/java.lang=ALL-UNNAMED --add-opens=java.base/sun.nio.fs=ALL-UNNAMED -Declipse.application=org.eclipse.jdt.ls.core.id1 -Dosgi.bundles.defaultStartLevel=4 -Declipse.product=org.eclipse.jdt.ls.core.product -Djava.import.generatesMetadataFilesAtProjectRoot=false -Dfile.encoding=utf8 -DwatchParentProcess=false -XX:+UseParallelGC -XX:GCTimeRatio=4 -XX:AdaptiveSizePolicyWeight=90 -Dsun.zip.disableMemoryMapping=true -Xmx1G -Xms100m -javaagent:c:\Users\ASUS\.vscode\extensions\redhat.java-1.9.0-win32-x64\lombok\lombok-1.18.24.jar -XX:+HeapDumpOnOutOfMemoryError -XX:HeapDumpPath=c:\Users\ASUS\AppData\Roaming\Code\User\workspaceStorage\8e73943d62e0a0d1710d2c827a2d9be0\redhat.java 
java_command: c:\Users\ASUS\.vscode\extensions\redhat.java-1.9.0-win32-x64\server\plugins\org.eclipse.equinox.launcher_1.6.400.v20210924-0641.jar -configuration c:\Users\ASUS\AppData\Roaming\Code\User\globalStorage\redhat.java\1.9.0\config_win -data c:\Users\ASUS\AppData\Roaming\Code\User\workspaceStorage\8e73943d62e0a0d1710d2c827a2d9be0\redhat.java\jdt_ws
java_class_path (initial): c:\Users\ASUS\.vscode\extensions\redhat.java-1.9.0-win32-x64\server\plugins\org.eclipse.equinox.launcher_1.6.400.v20210924-0641.jar
Launcher Type: SUN_STANDARD

[Global flags]
    uintx AdaptiveSizePolicyWeight                 = 90                                        {product} {command line}
     intx CICompilerCount                          = 4                                         {product} {ergonomic}
    uintx GCTimeRatio                              = 4                                         {product} {command line}
     bool HeapDumpOnOutOfMemoryError               = true                                   {manageable} {command line}
    ccstr HeapDumpPath                             = c:\Users\ASUS\AppData\Roaming\Code\User\workspaceStorage\8e73943d62e0a0d1710d2c827a2d9be0\redhat.java         {manageable} {command line}
   size_t InitialHeapSize                          = 104857600                                 {product} {command line}
   size_t MaxHeapSize                              = 1073741824                                {product} {command line}
   size_t MaxNewSize                               = 357564416                                 {product} {ergonomic}
   size_t MinHeapDeltaBytes                        = 524288                                    {product} {ergonomic}
   size_t MinHeapSize                              = 104857600                                 {product} {command line}
   size_t NewSize                                  = 34603008                                  {product} {ergonomic}
    uintx NonNMethodCodeHeapSize                   = 5839372                                {pd product} {ergonomic}
    uintx NonProfiledCodeHeapSize                  = 122909434                              {pd product} {ergonomic}
   size_t OldSize                                  = 70254592                                  {product} {ergonomic}
    uintx ProfiledCodeHeapSize                     = 122909434                              {pd product} {ergonomic}
    uintx ReservedCodeCacheSize                    = 251658240                              {pd product} {ergonomic}
     bool SegmentedCodeCache                       = true                                      {product} {ergonomic}
   size_t SoftMaxHeapSize                          = 1073741824                             {manageable} {ergonomic}
     bool UseCompressedClassPointers               = true                           {product lp64_product} {ergonomic}
     bool UseCompressedOops                        = true                           {product lp64_product} {ergonomic}
     bool UseLargePagesIndividualAllocation        = false                                  {pd product} {ergonomic}
     bool UseParallelGC                            = true                                      {product} {command line}

Logging:
Log output configuration:
 #0: stdout all=warning uptime,level,tags
 #1: stderr all=off uptime,level,tags

Environment Variables:
JAVA_HOME=C:\Program Files\OpenJDK\openjdk-11.0.16_8
PATH=C:\Program Files (x86)\Common Files\Oracle\Java\javapath;C:\Program Files\Common Files\Oracle\Java\javapath;C:\Windows\system32;C:\Windows;C:\Windows\System32\Wbem;C:\Windows\System32\WindowsPowerShell\v1.0\;C:\Windows\System32\OpenSSH\;C:\Program Files (x86)\NVIDIA Corporation\PhysX\Common;C:\Program Files\dotnet\;C:\Program Files\Microsoft SQL Server\130\Tools\Binn\;C:\Program Files\Microsoft SQL Server\Client SDK\ODBC\170\Tools\Binn\;C:\Program Files (x86)\Microsoft SQL Server\150\Tools\Binn\;C:\Program Files\Microsoft SQL Server\150\Tools\Binn\;C:\Program Files\Microsoft SQL Server\150\DTS\Binn\;C:\Program Files (x86)\Microsoft SQL Server\150\DTS\Binn\;C:\Program Files (x86)\dotnet\;D:\Temp\bin;C:\Program Files\OpenJDK\openjdk-11.0.16_8\bin;C:\hadoop\hadoop-2.6.0;C:\hadoop\hadoop-2.6.0\bin;C:\hadoop\hadoop-2.6.0\sbin;C:\WINDOWS\system32;C:\WINDOWS;C:\WINDOWS\System32\Wbem;C:\WINDOWS\System32\WindowsPowerShell\v1.0\;C:\WINDOWS\System32\OpenSSH\;C:\Program Files\Git\cmd;C:\ProgramData\chocolatey\bin;C:\Program Files\nodejs\;C:\Users\ASUS\AppData\Local\Programs\Python\Python310\Scripts\;C:\Users\ASUS\AppData\Local\Programs\Python\Python310\;C:\Program Files\MySQL\MySQL Shell 8.0\bin\;C:\Users\ASUS\AppData\Local\Microsoft\WindowsApps;C:\Users\ASUS\AppData\Local\Programs\Microsoft VS Code\bin;C:\Users\ASUS\.dotnet\tools;C:\Program Files\Azure Data Studio\bin;C:\Users\ASUS\AppData\Local\Android\sdk\platform-tools;C:\Program Files\Java\jdk-11.0.15;C:\Users\ASUS\AppData\Roaming\npm;
USERNAME=ASUS
OS=Windows_NT
PROCESSOR_IDENTIFIER=Intel64 Family 6 Model 140 Stepping 1, GenuineIntel



---------------  S Y S T E M  ---------------

OS:
 Windows 11 , 64 bit Build 22000 (10.0.22000.708)
OS uptime: 9 days 20:45 hours

CPU: total 8 (initial active 8) (4 cores per cpu, 2 threads per core) family 6 model 140 stepping 1 microcode 0x86, cx8, cmov, fxsr, ht, mmx, 3dnowpref, sse, sse2, sse3, ssse3, sse4.1, sse4.2, popcnt, lzcnt, tsc, tscinvbit, avx, avx2, aes, erms, clmul, bmi1, bmi2, adx, avx512f, avx512dq, avx512cd, avx512bw, avx512vl, sha, fma, vzeroupper, avx512_vpopcntdq, avx512_vpclmulqdq, avx512_vaes, avx512_vnni, clflush, clflushopt, clwb, avx512_vbmi2, avx512_vbmi

Memory: 4k page, system-wide physical 7873M (634M free)
TotalPageFile size 13519M (AvailPageFile size 6M)
current process WorkingSet (physical memory assigned to process): 650M, peak: 650M
current process commit charge ("private bytes"): 968M, peak: 968M

vm_info: OpenJDK 64-Bit Server VM (17.0.3+7) for windows-amd64 JRE (17.0.3+7), built on Apr 19 2022 16:55:35 by "" with MS VC++ 16.7 (VS2019)

END.
