#
# There is insufficient memory for the Java Runtime Environment to continue.
# Native memory allocation (malloc) failed to allocate 2933408 bytes for Chunk::new
# Possible reasons:
#   The system is out of physical RAM or swap space
#   The process is running with CompressedOops enabled, and the Java Heap may be blocking the growth of the native heap
# Possible solutions:
#   Reduce memory load on the system
#   Increase physical memory or swap space
#   Check if swap backing store is full
#   Decrease Java heap size (-Xmx/-Xms)
#   Decrease number of Java threads
#   Decrease Java thread stack sizes (-Xss)
#   Set larger code cache with -XX:ReservedCodeCacheSize=
#   JVM is running with Unscaled Compressed Oops mode in which the Java heap is
#     placed in the first 4GB address space. The Java Heap base address is the
#     maximum limit for the native heap growth. Please use -XX:HeapBaseMinAddress
#     to set the Java Heap base and to place the Java Heap above 4GB virtual address.
# This output file may be truncated or incomplete.
#
#  Out of Memory Error (arena.cpp:189), pid=10600, tid=20316
#
# JRE version: OpenJDK Runtime Environment Temurin-17.0.3+7 (17.0.3+7) (build 17.0.3+7)
# Java VM: OpenJDK 64-Bit Server VM Temurin-17.0.3+7 (17.0.3+7, mixed mode, tiered, compressed oops, compressed class ptrs, parallel gc, windows-amd64)
# No core dump will be written. Minidumps are not enabled by default on client versions of Windows
#

---------------  S U M M A R Y ------------

Command Line: --add-modules=ALL-SYSTEM --add-opens=java.base/java.util=ALL-UNNAMED --add-opens=java.base/java.lang=ALL-UNNAMED --add-opens=java.base/sun.nio.fs=ALL-UNNAMED -Declipse.application=org.eclipse.jdt.ls.core.id1 -Dosgi.bundles.defaultStartLevel=4 -Declipse.product=org.eclipse.jdt.ls.core.product -Djava.import.generatesMetadataFilesAtProjectRoot=false -Dfile.encoding=utf8 -DwatchParentProcess=false -XX:+UseParallelGC -XX:GCTimeRatio=4 -XX:AdaptiveSizePolicyWeight=90 -Dsun.zip.disableMemoryMapping=true -Xmx1G -Xms100m -javaagent:c:\Users\ASUS\.vscode\extensions\redhat.java-1.9.0-win32-x64\lombok\lombok-1.18.24.jar -XX:+HeapDumpOnOutOfMemoryError -XX:HeapDumpPath=c:\Users\ASUS\AppData\Roaming\Code\User\workspaceStorage\8e73943d62e0a0d1710d2c827a2d9be0\redhat.java c:\Users\ASUS\.vscode\extensions\redhat.java-1.9.0-win32-x64\server\plugins\org.eclipse.equinox.launcher_1.6.400.v20210924-0641.jar -configuration c:\Users\ASUS\AppData\Roaming\Code\User\globalStorage\redhat.java\1.9.0\config_win -data c:\Users\ASUS\AppData\Roaming\Code\User\workspaceStorage\8e73943d62e0a0d1710d2c827a2d9be0\redhat.java\jdt_ws

Host: 11th Gen Intel(R) Core(TM) i5-1135G7 @ 2.40GHz, 8 cores, 7G,  Windows 11 , 64 bit Build 22000 (10.0.22000.708)
Time: Thu Jul 28 09:02:44 2022 SE Asia Standard Time elapsed time: 19.219738 seconds (0d 0h 0m 19s)

---------------  T H R E A D  ---------------

Current thread (0x000001bfb1ab7d90):  JavaThread "C2 CompilerThread0" daemon [_thread_in_native, id=20316, stack(0x000000238c800000,0x000000238c900000)]


Current CompileTask:
C2:  19219 6939   !   4       org.eclipse.jdt.internal.core.search.indexing.BinaryIndexer::indexDocument (1144 bytes)

Stack: [0x000000238c800000,0x000000238c900000]
Native frames: (J=compiled Java code, j=interpreted, Vv=VM code, C=native code)
V  [jvm.dll+0x675efa]
V  [jvm.dll+0x830a24]
V  [jvm.dll+0x8321ce]
V  [jvm.dll+0x832833]
V  [jvm.dll+0x2454b5]
V  [jvm.dll+0xabd7b]
V  [jvm.dll+0xac30c]
V  [jvm.dll+0x363627]
V  [jvm.dll+0x32dca1]
V  [jvm.dll+0x32d14a]
V  [jvm.dll+0x218361]
V  [jvm.dll+0x217781]
V  [jvm.dll+0x1a3ccd]
V  [jvm.dll+0x227178]
V  [jvm.dll+0x2252bc]
V  [jvm.dll+0x7e673b]
V  [jvm.dll+0x7e0cfa]
V  [jvm.dll+0x674d85]
C  [ucrtbase.dll+0x26c0c]
C  [KERNEL32.DLL+0x154e0]
C  [ntdll.dll+0x485b]


---------------  P R O C E S S  ---------------

Threads class SMR info:
_java_thread_list=0x000001bfb761b700, length=31, elements={
0x000001bf9a1d7c60, 0x000001bf9a296390, 0x000001bf9a2975f0, 0x000001bfaff9c3e0,
0x000001bfb1ab4010, 0x000001bfb1ab48d0, 0x000001bfb1ab5190, 0x000001bfb1ab7d90,
0x000001bfb1ab95d0, 0x000001bfb1aba670, 0x000001bf9a23d1c0, 0x000001bfb2a28050,
0x000001bfb2fade90, 0x000001bfb2fae830, 0x000001bfb2fb0eb0, 0x000001bfb2fae360,
0x000001bfb2fb0040, 0x000001bfb2fad4f0, 0x000001bfb2fb09e0, 0x000001bfb2faf1d0,
0x000001bfb4f4d010, 0x000001bfb4f4ecf0, 0x000001bfb4f4d4e0, 0x000001bfb4f49ff0,
0x000001bfb4f49650, 0x000001bfb4f4d9b0, 0x000001bfb52584a0, 0x000001bfb4f4f1c0,
0x000001bfb4f4a4c0, 0x000001bfb4f4e820, 0x000001bfb4f4cb40
}

Java Threads: ( => current thread )
  0x000001bf9a1d7c60 JavaThread "main" [_thread_blocked, id=5772, stack(0x000000238bf00000,0x000000238c000000)]
  0x000001bf9a296390 JavaThread "Reference Handler" daemon [_thread_blocked, id=12132, stack(0x000000238c200000,0x000000238c300000)]
  0x000001bf9a2975f0 JavaThread "Finalizer" daemon [_thread_blocked, id=18556, stack(0x000000238c300000,0x000000238c400000)]
  0x000001bfaff9c3e0 JavaThread "Signal Dispatcher" daemon [_thread_blocked, id=4772, stack(0x000000238c400000,0x000000238c500000)]
  0x000001bfb1ab4010 JavaThread "Attach Listener" daemon [_thread_blocked, id=1632, stack(0x000000238c500000,0x000000238c600000)]
  0x000001bfb1ab48d0 JavaThread "Service Thread" daemon [_thread_blocked, id=19100, stack(0x000000238c600000,0x000000238c700000)]
  0x000001bfb1ab5190 JavaThread "Monitor Deflation Thread" daemon [_thread_blocked, id=19920, stack(0x000000238c700000,0x000000238c800000)]
=>0x000001bfb1ab7d90 JavaThread "C2 CompilerThread0" daemon [_thread_in_native, id=20316, stack(0x000000238c800000,0x000000238c900000)]
  0x000001bfb1ab95d0 JavaThread "C1 CompilerThread0" daemon [_thread_blocked, id=10480, stack(0x000000238c900000,0x000000238ca00000)]
  0x000001bfb1aba670 JavaThread "Sweeper thread" daemon [_thread_blocked, id=8688, stack(0x000000238ca00000,0x000000238cb00000)]
  0x000001bf9a23d1c0 JavaThread "Common-Cleaner" daemon [_thread_blocked, id=1956, stack(0x000000238cb00000,0x000000238cc00000)]
  0x000001bfb2a28050 JavaThread "Notification Thread" daemon [_thread_blocked, id=16204, stack(0x000000238cc00000,0x000000238cd00000)]
  0x000001bfb2fade90 JavaThread "Active Thread: Equinox Container: 5bc83ad4-1b21-4430-931d-28a8416ffb0a" [_thread_blocked, id=21004, stack(0x000000238d900000,0x000000238da00000)]
  0x000001bfb2fae830 JavaThread "Framework Event Dispatcher: Equinox Container: 5bc83ad4-1b21-4430-931d-28a8416ffb0a" daemon [_thread_blocked, id=2616, stack(0x000000238da00000,0x000000238db00000)]
  0x000001bfb2fb0eb0 JavaThread "Start Level: Equinox Container: 5bc83ad4-1b21-4430-931d-28a8416ffb0a" daemon [_thread_blocked, id=6596, stack(0x000000238db00000,0x000000238dc00000)]
  0x000001bfb2fae360 JavaThread "Refresh Thread: Equinox Container: 5bc83ad4-1b21-4430-931d-28a8416ffb0a" daemon [_thread_blocked, id=9516, stack(0x000000238df00000,0x000000238e000000)]
  0x000001bfb2fb0040 JavaThread "SCR Component Actor" daemon [_thread_blocked, id=10400, stack(0x000000238e300000,0x000000238e400000)]
  0x000001bfb2fad4f0 JavaThread "Worker-JM" [_thread_blocked, id=13204, stack(0x000000238e500000,0x000000238e600000)]
  0x000001bfb2fb09e0 JavaThread "Worker-0" [_thread_blocked, id=8296, stack(0x000000238e600000,0x000000238e700000)]
  0x000001bfb2faf1d0 JavaThread "Worker-1: Initialize Workspace" [_thread_blocked, id=17240, stack(0x000000238e700000,0x000000238e800000)]
  0x000001bfb4f4d010 JavaThread "Bundle File Closer" daemon [_thread_blocked, id=4264, stack(0x000000238dc00000,0x000000238dd00000)]
  0x000001bfb4f4ecf0 JavaThread "Java indexing" daemon [_thread_in_Java, id=20620, stack(0x000000238dd00000,0x000000238de00000)]
  0x000001bfb4f4d4e0 JavaThread "Worker-2" [_thread_blocked, id=18760, stack(0x000000238e800000,0x000000238e900000)]
  0x000001bfb4f49ff0 JavaThread "Worker-3" [_thread_blocked, id=11844, stack(0x000000238eb00000,0x000000238ec00000)]
  0x000001bfb4f49650 JavaThread "pool-1-thread-1" [_thread_blocked, id=2736, stack(0x000000238ec00000,0x000000238ed00000)]
  0x000001bfb4f4d9b0 JavaThread "Worker-4: Java indexing... " [_thread_blocked, id=17388, stack(0x000000238ed00000,0x000000238ee00000)]
  0x000001bfb52584a0 JavaThread "C2 CompilerThread1" daemon [_thread_in_native, id=16880, stack(0x000000238e900000,0x000000238ea00000)]
  0x000001bfb4f4f1c0 JavaThread "Keep-Alive-Timer" daemon [_thread_blocked, id=17116, stack(0x000000238ee00000,0x000000238ef00000)]
  0x000001bfb4f4a4c0 JavaThread "Timer-0" [_thread_blocked, id=1960, stack(0x000000238e400000,0x000000238e500000)]
  0x000001bfb4f4e820 JavaThread "Timer-1" [_thread_blocked, id=8032, stack(0x000000238ef00000,0x000000238f000000)]
  0x000001bfb4f4cb40 JavaThread "Connection worker" [_thread_in_native, id=14912, stack(0x000000238f000000,0x000000238f100000)]

Other Threads:
  0x000001bfb1a71c30 VMThread "VM Thread" [stack: 0x000000238c100000,0x000000238c200000] [id=18328]
  0x000001bfb1d75640 WatcherThread [stack: 0x000000238cd00000,0x000000238ce00000] [id=19216]
  0x000001bf9a1ed760 GCTaskThread "GC Thread#0" [stack: 0x000000238c000000,0x000000238c100000] [id=17580]
  0x000001bfb2c5c550 GCTaskThread "GC Thread#1" [stack: 0x000000238cf00000,0x000000238d000000] [id=13248]
  0x000001bfb2cfde10 GCTaskThread "GC Thread#2" [stack: 0x000000238d000000,0x000000238d100000] [id=3612]
  0x000001bfb2cfe0c0 GCTaskThread "GC Thread#3" [stack: 0x000000238d100000,0x000000238d200000] [id=11420]
  0x000001bfb2cfe370 GCTaskThread "GC Thread#4" [stack: 0x000000238d200000,0x000000238d300000] [id=14104]
  0x000001bfb2cfe620 GCTaskThread "GC Thread#5" [stack: 0x000000238d300000,0x000000238d400000] [id=16252]
  0x000001bfb30aeb30 GCTaskThread "GC Thread#6" [stack: 0x000000238de00000,0x000000238df00000] [id=5236]
  0x000001bfb4309a30 GCTaskThread "GC Thread#7" [stack: 0x000000238e200000,0x000000238e300000] [id=1636]

Threads with active compile tasks:
C2 CompilerThread0    19258 6939   !   4       org.eclipse.jdt.internal.core.search.indexing.BinaryIndexer::indexDocument (1144 bytes)
C2 CompilerThread1    19258 7014 % !   4       java.nio.file.Files::walkFileTree @ 19 (297 bytes)

VM state: not at safepoint (normal execution)

VM Mutex/Monitor currently owned by a thread: None

Heap address: 0x00000000c0000000, size: 1024 MB, Compressed Oops mode: 32-bit

CDS archive(s) not mapped
Compressed class space mapped at: 0x0000000100000000-0x0000000140000000, reserved size: 1073741824
Narrow klass base: 0x0000000000000000, Narrow klass shift: 3, Narrow klass range: 0x140000000

GC Precious Log:
 CPUs: 8 total, 8 available
 Memory: 7873M
 Large Page Support: Disabled
 NUMA Support: Disabled
 Compressed Oops: Enabled (32-bit)
 Alignments: Space 512K, Generation 512K, Heap 2M
 Heap Min Capacity: 100M
 Heap Initial Capacity: 100M
 Heap Max Capacity: 1G
 Pre-touch: Disabled
 Parallel Workers: 8

Heap:
 PSYoungGen      total 49664K, used 16568K [0x00000000eab00000, 0x00000000eeb80000, 0x0000000100000000)
  eden space 35328K, 6% used [0x00000000eab00000,0x00000000ead33f78,0x00000000ecd80000)
  from space 14336K, 99% used [0x00000000ecf80000,0x00000000edd7a138,0x00000000edd80000)
  to   space 12288K, 0% used [0x00000000edf80000,0x00000000edf80000,0x00000000eeb80000)
 ParOldGen       total 271872K, used 244201K [0x00000000c0000000, 0x00000000d0980000, 0x00000000eab00000)
  object space 271872K, 89% used [0x00000000c0000000,0x00000000cee7a4e0,0x00000000d0980000)
 Metaspace       used 54391K, committed 55232K, reserved 1097728K
  class space    used 5974K, committed 6400K, reserved 1048576K

Card table byte_map: [0x000001bfad810000,0x000001bfada20000] _byte_map_base: 0x000001bfad210000

Marking Bits: (ParMarkBitMap*) 0x00007ffbc7374b80
 Begin Bits: [0x000001bfadb80000, 0x000001bfaeb80000)
 End Bits:   [0x000001bfaeb80000, 0x000001bfafb80000)

Polling page: 0x000001bf9e600000

Metaspace:

Usage:
  Non-class:     47.28 MB used.
      Class:      5.83 MB used.
       Both:     53.12 MB used.

Virtual space:
  Non-class space:       48.00 MB reserved,      47.69 MB (>99%) committed,  6 nodes.
      Class space:        1.00 GB reserved,       6.25 MB ( <1%) committed,  1 nodes.
             Both:        1.05 GB reserved,      53.94 MB (  5%) committed. 

Chunk freelists:
   Non-Class:  272.00 KB
       Class:  1.80 MB
        Both:  2.06 MB

MaxMetaspaceSize: unlimited
CompressedClassSpaceSize: 1.00 GB
Initial GC threshold: 21.00 MB
Current GC threshold: 89.94 MB
CDS: off
MetaspaceReclaimPolicy: balanced
 - commit_granule_bytes: 65536.
 - commit_granule_words: 8192.
 - virtual_space_node_default_size: 1048576.
 - enlarge_chunks_in_place: 1.
 - new_chunks_are_fully_committed: 0.
 - uncommit_free_chunks: 1.
 - use_allocation_guard: 0.
 - handle_deallocations: 1.


Internal statistics:

num_allocs_failed_limit: 8.
num_arena_births: 340.
num_arena_deaths: 14.
num_vsnodes_births: 7.
num_vsnodes_deaths: 0.
num_space_committed: 863.
num_space_uncommitted: 0.
num_chunks_returned_to_freelist: 22.
num_chunks_taken_from_freelist: 2196.
num_chunk_merges: 12.
num_chunk_splits: 1400.
num_chunks_enlarged: 871.
num_purges: 2.
num_inconsistent_stats: 0.

CodeHeap 'non-profiled nmethods': size=120000Kb used=4133Kb max_used=4692Kb free=115866Kb
 bounds [0x000001bfa60f0000, 0x000001bfa6590000, 0x000001bfad620000]
CodeHeap 'profiled nmethods': size=120000Kb used=10675Kb max_used=12537Kb free=109324Kb
 bounds [0x000001bf9ebc0000, 0x000001bf9f800000, 0x000001bfa60f0000]
CodeHeap 'non-nmethods': size=5760Kb used=1340Kb max_used=1424Kb free=4419Kb
 bounds [0x000001bf9e620000, 0x000001bf9e890000, 0x000001bf9ebc0000]
 total_blobs=6246 nmethods=5587 adapters=573
 compilation: enabled
              stopped_count=0, restarted_count=0
 full_count=0

Compilation events (20 events):
Event: 19.016 Thread 0x000001bfb52584a0 6985       4       org.eclipse.jdt.internal.core.JavaModelCache::peekAtInfo (135 bytes)
Event: 19.016 Thread 0x000001bfb1ab95d0 nmethod 7002 0x000001bf9ebfd310 code [0x000001bf9ebfd560, 0x000001bf9ebfe0f8]
Event: 19.016 Thread 0x000001bfb1ab95d0 7009       3       org.eclipse.core.internal.resources.ResourceProxy::reset (11 bytes)
Event: 19.016 Thread 0x000001bfb1ab95d0 nmethod 7009 0x000001bf9ecd4990 code [0x000001bf9ecd4b20, 0x000001bf9ecd4c58]
Event: 19.016 Thread 0x000001bfb1ab95d0 7004       3       org.eclipse.debug.internal.core.LaunchManager$ResourceProxyVisitor::visit (68 bytes)
Event: 19.017 Thread 0x000001bfb1ab95d0 nmethod 7004 0x000001bf9ef2a290 code [0x000001bf9ef2a560, 0x000001bf9ef2b448]
Event: 19.017 Thread 0x000001bfb1ab95d0 7005       3       org.eclipse.core.internal.resources.ResourceProxy::getType (8 bytes)
Event: 19.018 Thread 0x000001bfb1ab95d0 nmethod 7005 0x000001bf9efbbe10 code [0x000001bf9efbbfc0, 0x000001bf9efbc278]
Event: 19.018 Thread 0x000001bfb1ab95d0 7010       3       org.eclipse.core.runtime.Path::<init> (49 bytes)
Event: 19.018 Thread 0x000001bfb1ab95d0 nmethod 7010 0x000001bf9ec12010 code [0x000001bf9ec12200, 0x000001bf9ec126d8]
Event: 19.019 Thread 0x000001bfb1ab95d0 7011       3       org.eclipse.core.internal.jobs.JobManager::lifeTimeInMs (19 bytes)
Event: 19.019 Thread 0x000001bfb1ab95d0 nmethod 7011 0x000001bf9ed71590 code [0x000001bf9ed71740, 0x000001bf9ed71978]
Event: 19.024 Thread 0x000001bfb1ab95d0 7012       1       org.eclipse.jdt.internal.compiler.env.ClassSignature::getTypeName (5 bytes)
Event: 19.025 Thread 0x000001bfb1ab95d0 nmethod 7012 0x000001bfa611fd10 code [0x000001bfa611fea0, 0x000001bfa611ff78]
Event: 19.060 Thread 0x000001bfb52584a0 nmethod 6985 0x000001bfa61fc610 code [0x000001bfa61fc8a0, 0x000001bfa61fe460]
Event: 19.060 Thread 0x000001bfb52584a0 6996  s!   4       org.eclipse.jdt.internal.core.JavaModelManager::removeInfoAndChildren (144 bytes)
Event: 19.106 Thread 0x000001bfb52584a0 nmethod 6996 0x000001bfa645c810 code [0x000001bfa645cb80, 0x000001bfa645eec0]
Event: 19.106 Thread 0x000001bfb52584a0 6963       4       java.lang.Math::abs (13 bytes)
Event: 19.106 Thread 0x000001bfb52584a0 nmethod 6963 0x000001bfa611fa10 code [0x000001bfa611fb80, 0x000001bfa611fc18]
Event: 19.126 Thread 0x000001bfb52584a0 7013       4       org.eclipse.jdt.internal.compiler.classfmt.MethodInfo::createMethod (713 bytes)

GC Heap History (20 events):
Event: 17.844 GC heap before
{Heap before GC invocations=114 (full 7):
 PSYoungGen      total 24576K, used 24557K [0x00000000eab00000, 0x00000000ed380000, 0x0000000100000000)
  eden space 19968K, 100% used [0x00000000eab00000,0x00000000ebe80000,0x00000000ebe80000)
  from space 4608K, 99% used [0x00000000ebe80000,0x00000000ec2fb538,0x00000000ec300000)
  to   space 9728K, 0% used [0x00000000eca00000,0x00000000eca00000,0x00000000ed380000)
 ParOldGen       total 217600K, used 198656K [0x00000000c0000000, 0x00000000cd480000, 0x00000000eab00000)
  object space 217600K, 91% used [0x00000000c0000000,0x00000000cc200148,0x00000000cd480000)
 Metaspace       used 54337K, committed 55232K, reserved 1097728K
  class space    used 5973K, committed 6400K, reserved 1048576K
}
Event: 17.853 GC heap after
{Heap after GC invocations=114 (full 7):
 PSYoungGen      total 27136K, used 4680K [0x00000000eab00000, 0x00000000ecf00000, 0x0000000100000000)
  eden space 22016K, 0% used [0x00000000eab00000,0x00000000eab00000,0x00000000ec080000)
  from space 5120K, 91% used [0x00000000eca00000,0x00000000ece92398,0x00000000ecf00000)
  to   space 6144K, 0% used [0x00000000ec300000,0x00000000ec300000,0x00000000ec900000)
 ParOldGen       total 217600K, used 203134K [0x00000000c0000000, 0x00000000cd480000, 0x00000000eab00000)
  object space 217600K, 93% used [0x00000000c0000000,0x00000000cc65f8f0,0x00000000cd480000)
 Metaspace       used 54337K, committed 55232K, reserved 1097728K
  class space    used 5973K, committed 6400K, reserved 1048576K
}
Event: 17.988 GC heap before
{Heap before GC invocations=115 (full 7):
 PSYoungGen      total 27136K, used 26696K [0x00000000eab00000, 0x00000000ecf00000, 0x0000000100000000)
  eden space 22016K, 100% used [0x00000000eab00000,0x00000000ec080000,0x00000000ec080000)
  from space 5120K, 91% used [0x00000000eca00000,0x00000000ece92398,0x00000000ecf00000)
  to   space 6144K, 0% used [0x00000000ec300000,0x00000000ec300000,0x00000000ec900000)
 ParOldGen       total 217600K, used 203134K [0x00000000c0000000, 0x00000000cd480000, 0x00000000eab00000)
  object space 217600K, 93% used [0x00000000c0000000,0x00000000cc65f8f0,0x00000000cd480000)
 Metaspace       used 54338K, committed 55232K, reserved 1097728K
  class space    used 5973K, committed 6400K, reserved 1048576K
}
Event: 17.997 GC heap after
{Heap after GC invocations=115 (full 7):
 PSYoungGen      total 30208K, used 6122K [0x00000000eab00000, 0x00000000ed780000, 0x0000000100000000)
  eden space 24064K, 0% used [0x00000000eab00000,0x00000000eab00000,0x00000000ec280000)
  from space 6144K, 99% used [0x00000000ec300000,0x00000000ec8fab10,0x00000000ec900000)
  to   space 10752K, 0% used [0x00000000ecd00000,0x00000000ecd00000,0x00000000ed780000)
 ParOldGen       total 217600K, used 206782K [0x00000000c0000000, 0x00000000cd480000, 0x00000000eab00000)
  object space 217600K, 95% used [0x00000000c0000000,0x00000000cc9efbd8,0x00000000cd480000)
 Metaspace       used 54338K, committed 55232K, reserved 1097728K
  class space    used 5973K, committed 6400K, reserved 1048576K
}
Event: 18.101 GC heap before
{Heap before GC invocations=116 (full 7):
 PSYoungGen      total 30208K, used 30186K [0x00000000eab00000, 0x00000000ed780000, 0x0000000100000000)
  eden space 24064K, 100% used [0x00000000eab00000,0x00000000ec280000,0x00000000ec280000)
  from space 6144K, 99% used [0x00000000ec300000,0x00000000ec8fab10,0x00000000ec900000)
  to   space 10752K, 0% used [0x00000000ecd00000,0x00000000ecd00000,0x00000000ed780000)
 ParOldGen       total 217600K, used 206782K [0x00000000c0000000, 0x00000000cd480000, 0x00000000eab00000)
  object space 217600K, 95% used [0x00000000c0000000,0x00000000cc9efbd8,0x00000000cd480000)
 Metaspace       used 54338K, committed 55232K, reserved 1097728K
  class space    used 5973K, committed 6400K, reserved 1048576K
}
Event: 18.109 GC heap after
{Heap after GC invocations=116 (full 7):
 PSYoungGen      total 32768K, used 5615K [0x00000000eab00000, 0x00000000ed300000, 0x0000000100000000)
  eden space 26624K, 0% used [0x00000000eab00000,0x00000000eab00000,0x00000000ec500000)
  from space 6144K, 91% used [0x00000000ecd00000,0x00000000ed27bfb0,0x00000000ed300000)
  to   space 7168K, 0% used [0x00000000ec500000,0x00000000ec500000,0x00000000ecc00000)
 ParOldGen       total 217600K, used 212879K [0x00000000c0000000, 0x00000000cd480000, 0x00000000eab00000)
  object space 217600K, 97% used [0x00000000c0000000,0x00000000ccfe3cb0,0x00000000cd480000)
 Metaspace       used 54338K, committed 55232K, reserved 1097728K
  class space    used 5973K, committed 6400K, reserved 1048576K
}
Event: 18.109 GC heap before
{Heap before GC invocations=117 (full 8):
 PSYoungGen      total 32768K, used 5615K [0x00000000eab00000, 0x00000000ed300000, 0x0000000100000000)
  eden space 26624K, 0% used [0x00000000eab00000,0x00000000eab00000,0x00000000ec500000)
  from space 6144K, 91% used [0x00000000ecd00000,0x00000000ed27bfb0,0x00000000ed300000)
  to   space 7168K, 0% used [0x00000000ec500000,0x00000000ec500000,0x00000000ecc00000)
 ParOldGen       total 217600K, used 212879K [0x00000000c0000000, 0x00000000cd480000, 0x00000000eab00000)
  object space 217600K, 97% used [0x00000000c0000000,0x00000000ccfe3cb0,0x00000000cd480000)
 Metaspace       used 54338K, committed 55232K, reserved 1097728K
  class space    used 5973K, committed 6400K, reserved 1048576K
}
Event: 18.265 GC heap after
{Heap after GC invocations=117 (full 8):
 PSYoungGen      total 33792K, used 0K [0x00000000eab00000, 0x00000000ed580000, 0x0000000100000000)
  eden space 26624K, 0% used [0x00000000eab00000,0x00000000eab00000,0x00000000ec500000)
  from space 7168K, 0% used [0x00000000ec500000,0x00000000ec500000,0x00000000ecc00000)
  to   space 7168K, 0% used [0x00000000ece80000,0x00000000ece80000,0x00000000ed580000)
 ParOldGen       total 271872K, used 216255K [0x00000000c0000000, 0x00000000d0980000, 0x00000000eab00000)
  object space 271872K, 79% used [0x00000000c0000000,0x00000000cd32ff78,0x00000000d0980000)
 Metaspace       used 54338K, committed 55232K, reserved 1097728K
  class space    used 5973K, committed 6400K, reserved 1048576K
}
Event: 18.426 GC heap before
{Heap before GC invocations=118 (full 8):
 PSYoungGen      total 33792K, used 26624K [0x00000000eab00000, 0x00000000ed580000, 0x0000000100000000)
  eden space 26624K, 100% used [0x00000000eab00000,0x00000000ec500000,0x00000000ec500000)
  from space 7168K, 0% used [0x00000000ec500000,0x00000000ec500000,0x00000000ecc00000)
  to   space 7168K, 0% used [0x00000000ece80000,0x00000000ece80000,0x00000000ed580000)
 ParOldGen       total 271872K, used 216255K [0x00000000c0000000, 0x00000000d0980000, 0x00000000eab00000)
  object space 271872K, 79% used [0x00000000c0000000,0x00000000cd32ff78,0x00000000d0980000)
 Metaspace       used 54338K, committed 55232K, reserved 1097728K
  class space    used 5973K, committed 6400K, reserved 1048576K
}
Event: 18.432 GC heap after
{Heap after GC invocations=118 (full 8):
 PSYoungGen      total 35328K, used 6388K [0x00000000eab00000, 0x00000000ed500000, 0x0000000100000000)
  eden space 28672K, 0% used [0x00000000eab00000,0x00000000eab00000,0x00000000ec700000)
  from space 6656K, 95% used [0x00000000ece80000,0x00000000ed4bd080,0x00000000ed500000)
  to   space 6656K, 0% used [0x00000000ec800000,0x00000000ec800000,0x00000000ece80000)
 ParOldGen       total 271872K, used 216255K [0x00000000c0000000, 0x00000000d0980000, 0x00000000eab00000)
  object space 271872K, 79% used [0x00000000c0000000,0x00000000cd32ff78,0x00000000d0980000)
 Metaspace       used 54338K, committed 55232K, reserved 1097728K
  class space    used 5973K, committed 6400K, reserved 1048576K
}
Event: 18.560 GC heap before
{Heap before GC invocations=119 (full 8):
 PSYoungGen      total 35328K, used 35060K [0x00000000eab00000, 0x00000000ed500000, 0x0000000100000000)
  eden space 28672K, 100% used [0x00000000eab00000,0x00000000ec700000,0x00000000ec700000)
  from space 6656K, 95% used [0x00000000ece80000,0x00000000ed4bd080,0x00000000ed500000)
  to   space 6656K, 0% used [0x00000000ec800000,0x00000000ec800000,0x00000000ece80000)
 ParOldGen       total 271872K, used 216255K [0x00000000c0000000, 0x00000000d0980000, 0x00000000eab00000)
  object space 271872K, 79% used [0x00000000c0000000,0x00000000cd32ff78,0x00000000d0980000)
 Metaspace       used 54342K, committed 55232K, reserved 1097728K
  class space    used 5973K, committed 6400K, reserved 1048576K
}
Event: 18.572 GC heap after
{Heap after GC invocations=119 (full 8):
 PSYoungGen      total 36352K, used 6625K [0x00000000eab00000, 0x00000000ee580000, 0x0000000100000000)
  eden space 29696K, 0% used [0x00000000eab00000,0x00000000eab00000,0x00000000ec800000)
  from space 6656K, 99% used [0x00000000ec800000,0x00000000ece786b0,0x00000000ece80000)
  to   space 14336K, 0% used [0x00000000ed780000,0x00000000ed780000,0x00000000ee580000)
 ParOldGen       total 271872K, used 222759K [0x00000000c0000000, 0x00000000d0980000, 0x00000000eab00000)
  object space 271872K, 81% used [0x00000000c0000000,0x00000000cd989d78,0x00000000d0980000)
 Metaspace       used 54342K, committed 55232K, reserved 1097728K
  class space    used 5973K, committed 6400K, reserved 1048576K
}
Event: 18.690 GC heap before
{Heap before GC invocations=120 (full 8):
 PSYoungGen      total 36352K, used 36321K [0x00000000eab00000, 0x00000000ee580000, 0x0000000100000000)
  eden space 29696K, 100% used [0x00000000eab00000,0x00000000ec800000,0x00000000ec800000)
  from space 6656K, 99% used [0x00000000ec800000,0x00000000ece786b0,0x00000000ece80000)
  to   space 14336K, 0% used [0x00000000ed780000,0x00000000ed780000,0x00000000ee580000)
 ParOldGen       total 271872K, used 222759K [0x00000000c0000000, 0x00000000d0980000, 0x00000000eab00000)
  object space 271872K, 81% used [0x00000000c0000000,0x00000000cd989d78,0x00000000d0980000)
 Metaspace       used 54342K, committed 55232K, reserved 1097728K
  class space    used 5973K, committed 6400K, reserved 1048576K
}
Event: 18.702 GC heap after
{Heap after GC invocations=120 (full 8):
 PSYoungGen      total 43008K, used 10299K [0x00000000eab00000, 0x00000000ee200000, 0x0000000100000000)
  eden space 32256K, 0% used [0x00000000eab00000,0x00000000eab00000,0x00000000eca80000)
  from space 10752K, 95% used [0x00000000ed780000,0x00000000ee18efd0,0x00000000ee200000)
  to   space 11776K, 0% used [0x00000000ecb00000,0x00000000ecb00000,0x00000000ed680000)
 ParOldGen       total 271872K, used 225859K [0x00000000c0000000, 0x00000000d0980000, 0x00000000eab00000)
  object space 271872K, 83% used [0x00000000c0000000,0x00000000cdc90fb8,0x00000000d0980000)
 Metaspace       used 54342K, committed 55232K, reserved 1097728K
  class space    used 5973K, committed 6400K, reserved 1048576K
}
Event: 18.838 GC heap before
{Heap before GC invocations=121 (full 8):
 PSYoungGen      total 43008K, used 42555K [0x00000000eab00000, 0x00000000ee200000, 0x0000000100000000)
  eden space 32256K, 100% used [0x00000000eab00000,0x00000000eca80000,0x00000000eca80000)
  from space 10752K, 95% used [0x00000000ed780000,0x00000000ee18efd0,0x00000000ee200000)
  to   space 11776K, 0% used [0x00000000ecb00000,0x00000000ecb00000,0x00000000ed680000)
 ParOldGen       total 271872K, used 225859K [0x00000000c0000000, 0x00000000d0980000, 0x00000000eab00000)
  object space 271872K, 83% used [0x00000000c0000000,0x00000000cdc90fb8,0x00000000d0980000)
 Metaspace       used 54343K, committed 55232K, reserved 1097728K
  class space    used 5973K, committed 6400K, reserved 1048576K
}
Event: 18.849 GC heap after
{Heap after GC invocations=121 (full 8):
 PSYoungGen      total 44544K, used 11756K [0x00000000eab00000, 0x00000000ef200000, 0x0000000100000000)
  eden space 32768K, 0% used [0x00000000eab00000,0x00000000eab00000,0x00000000ecb00000)
  from space 11776K, 99% used [0x00000000ecb00000,0x00000000ed67b0c0,0x00000000ed680000)
  to   space 18944K, 0% used [0x00000000edf80000,0x00000000edf80000,0x00000000ef200000)
 ParOldGen       total 271872K, used 231631K [0x00000000c0000000, 0x00000000d0980000, 0x00000000eab00000)
  object space 271872K, 85% used [0x00000000c0000000,0x00000000ce233e20,0x00000000d0980000)
 Metaspace       used 54343K, committed 55232K, reserved 1097728K
  class space    used 5973K, committed 6400K, reserved 1048576K
}
Event: 18.967 GC heap before
{Heap before GC invocations=122 (full 8):
 PSYoungGen      total 44544K, used 44524K [0x00000000eab00000, 0x00000000ef200000, 0x0000000100000000)
  eden space 32768K, 100% used [0x00000000eab00000,0x00000000ecb00000,0x00000000ecb00000)
  from space 11776K, 99% used [0x00000000ecb00000,0x00000000ed67b0c0,0x00000000ed680000)
  to   space 18944K, 0% used [0x00000000edf80000,0x00000000edf80000,0x00000000ef200000)
 ParOldGen       total 271872K, used 231631K [0x00000000c0000000, 0x00000000d0980000, 0x00000000eab00000)
  object space 271872K, 85% used [0x00000000c0000000,0x00000000ce233e20,0x00000000d0980000)
 Metaspace       used 54349K, committed 55232K, reserved 1097728K
  class space    used 5974K, committed 6400K, reserved 1048576K
}
Event: 18.978 GC heap after
{Heap after GC invocations=122 (full 8):
 PSYoungGen      total 47616K, used 11913K [0x00000000eab00000, 0x00000000eeb80000, 0x0000000100000000)
  eden space 35328K, 0% used [0x00000000eab00000,0x00000000eab00000,0x00000000ecd80000)
  from space 12288K, 96% used [0x00000000edf80000,0x00000000eeb22530,0x00000000eeb80000)
  to   space 14336K, 0% used [0x00000000ecf80000,0x00000000ecf80000,0x00000000edd80000)
 ParOldGen       total 271872K, used 238983K [0x00000000c0000000, 0x00000000d0980000, 0x00000000eab00000)
  object space 271872K, 87% used [0x00000000c0000000,0x00000000ce961e18,0x00000000d0980000)
 Metaspace       used 54349K, committed 55232K, reserved 1097728K
  class space    used 5974K, committed 6400K, reserved 1048576K
}
Event: 19.175 GC heap before
{Heap before GC invocations=123 (full 8):
 PSYoungGen      total 47616K, used 47241K [0x00000000eab00000, 0x00000000eeb80000, 0x0000000100000000)
  eden space 35328K, 100% used [0x00000000eab00000,0x00000000ecd80000,0x00000000ecd80000)
  from space 12288K, 96% used [0x00000000edf80000,0x00000000eeb22530,0x00000000eeb80000)
  to   space 14336K, 0% used [0x00000000ecf80000,0x00000000ecf80000,0x00000000edd80000)
 ParOldGen       total 271872K, used 238983K [0x00000000c0000000, 0x00000000d0980000, 0x00000000eab00000)
  object space 271872K, 87% used [0x00000000c0000000,0x00000000ce961e18,0x00000000d0980000)
 Metaspace       used 54391K, committed 55232K, reserved 1097728K
  class space    used 5974K, committed 6400K, reserved 1048576K
}
Event: 19.192 GC heap after
{Heap after GC invocations=123 (full 8):
 PSYoungGen      total 49664K, used 14312K [0x00000000eab00000, 0x00000000eeb80000, 0x0000000100000000)
  eden space 35328K, 0% used [0x00000000eab00000,0x00000000eab00000,0x00000000ecd80000)
  from space 14336K, 99% used [0x00000000ecf80000,0x00000000edd7a138,0x00000000edd80000)
  to   space 12288K, 0% used [0x00000000edf80000,0x00000000edf80000,0x00000000eeb80000)
 ParOldGen       total 271872K, used 244201K [0x00000000c0000000, 0x00000000d0980000, 0x00000000eab00000)
  object space 271872K, 89% used [0x00000000c0000000,0x00000000cee7a4e0,0x00000000d0980000)
 Metaspace       used 54391K, committed 55232K, reserved 1097728K
  class space    used 5974K, committed 6400K, reserved 1048576K
}

Deoptimization events (20 events):
Event: 18.824 Thread 0x000001bfb4f4ecf0 DEOPT PACKING pc=0x000001bf9f7f7e85 sp=0x000000238ddfea60
Event: 18.824 Thread 0x000001bfb4f4ecf0 DEOPT UNPACKING pc=0x000001bf9e676463 sp=0x000000238ddfdf88 mode 0
Event: 18.833 Thread 0x000001bfb4f4ecf0 DEOPT PACKING pc=0x000001bf9f7f7e85 sp=0x000000238ddfea60
Event: 18.833 Thread 0x000001bfb4f4ecf0 DEOPT UNPACKING pc=0x000001bf9e676463 sp=0x000000238ddfdf88 mode 0
Event: 18.959 Thread 0x000001bfb4f4ecf0 Uncommon trap: trap_request=0xffffff45 fr.pc=0x000001bfa641aad0 relative=0x00000000000027d0
Event: 18.959 Thread 0x000001bfb4f4ecf0 Uncommon trap: reason=unstable_if action=reinterpret pc=0x000001bfa641aad0 method=org.eclipse.jdt.internal.compiler.classfmt.MethodInfo.createMethod([B[IIJ)Lorg/eclipse/jdt/internal/compiler/classfmt/MethodInfo; @ 357 c2
Event: 18.959 Thread 0x000001bfb4f4ecf0 DEOPT PACKING pc=0x000001bfa641aad0 sp=0x000000238ddfeac0
Event: 18.959 Thread 0x000001bfb4f4ecf0 DEOPT UNPACKING pc=0x000001bf9e675923 sp=0x000000238ddfea30 mode 2
Event: 19.009 Thread 0x000001bfb2fb09e0 Uncommon trap: trap_request=0xffffffde fr.pc=0x000001bfa618b854 relative=0x0000000000000514
Event: 19.009 Thread 0x000001bfb2fb09e0 Uncommon trap: reason=class_check action=maybe_recompile pc=0x000001bfa618b854 method=java.util.HashMap.removeNode(ILjava/lang/Object;Ljava/lang/Object;ZZ)Ljava/util/HashMap$Node; @ 68 c2
Event: 19.009 Thread 0x000001bfb2fb09e0 DEOPT PACKING pc=0x000001bfa618b854 sp=0x000000238e6fec30
Event: 19.009 Thread 0x000001bfb2fb09e0 DEOPT UNPACKING pc=0x000001bf9e675923 sp=0x000000238e6feb28 mode 2
Event: 19.015 Thread 0x000001bfb2fb09e0 Uncommon trap: trap_request=0xffffff45 fr.pc=0x000001bfa64f66c8 relative=0x00000000000015c8
Event: 19.015 Thread 0x000001bfb2fb09e0 Uncommon trap: reason=unstable_if action=reinterpret pc=0x000001bfa64f66c8 method=org.eclipse.core.runtime.Path.computeSegmentCount(Ljava/lang/String;)I @ 6 c2
Event: 19.015 Thread 0x000001bfb2fb09e0 DEOPT PACKING pc=0x000001bfa64f66c8 sp=0x000000238e6feb40
Event: 19.015 Thread 0x000001bfb2fb09e0 DEOPT UNPACKING pc=0x000001bf9e675923 sp=0x000000238e6fea80 mode 2
Event: 19.104 Thread 0x000001bfb4f4ecf0 Uncommon trap: trap_request=0xffffff45 fr.pc=0x000001bfa63fa368 relative=0x0000000000000608
Event: 19.104 Thread 0x000001bfb4f4ecf0 Uncommon trap: reason=unstable_if action=reinterpret pc=0x000001bfa63fa368 method=org.eclipse.jdt.internal.compiler.util.Util.scanTypeSignature([CI)I @ 17 c2
Event: 19.104 Thread 0x000001bfb4f4ecf0 DEOPT PACKING pc=0x000001bfa63fa368 sp=0x000000238ddfeba0
Event: 19.104 Thread 0x000001bfb4f4ecf0 DEOPT UNPACKING pc=0x000001bf9e675923 sp=0x000000238ddfeae8 mode 2

Classes unloaded (7 events):
Event: 5.420 Thread 0x000001bfb1a71c30 Unloading class 0x0000000100214000 'java/lang/invoke/LambdaForm$MH+0x0000000100214000'
Event: 5.420 Thread 0x000001bfb1a71c30 Unloading class 0x0000000100213c00 'java/lang/invoke/LambdaForm$MH+0x0000000100213c00'
Event: 5.420 Thread 0x000001bfb1a71c30 Unloading class 0x0000000100213800 'java/lang/invoke/LambdaForm$MH+0x0000000100213800'
Event: 5.420 Thread 0x000001bfb1a71c30 Unloading class 0x0000000100213400 'java/lang/invoke/LambdaForm$MH+0x0000000100213400'
Event: 5.420 Thread 0x000001bfb1a71c30 Unloading class 0x0000000100212c00 'java/lang/invoke/LambdaForm$BMH+0x0000000100212c00'
Event: 5.420 Thread 0x000001bfb1a71c30 Unloading class 0x0000000100212800 'java/lang/invoke/LambdaForm$DMH+0x0000000100212800'
Event: 5.420 Thread 0x000001bfb1a71c30 Unloading class 0x0000000100210000 'java/lang/invoke/LambdaForm$DMH+0x0000000100210000'

Classes redefined (0 events):
No events

Internal exceptions (20 events):
Event: 13.239 Thread 0x000001bfb2faf1d0 Exception <a 'sun/nio/fs/WindowsException'{0x00000000ebc2a948}> (0x00000000ebc2a948) 
thrown [e:\jenkins\tmp\workspace\build\src\src\hotspot\share\prims\jni.cpp, line 516]
Event: 13.335 Thread 0x000001bfb2faf1d0 Exception <a 'java/lang/NoSuchMethodError'{0x00000000eabbeac8}: 'int java.lang.invoke.DirectMethodHandle$Holder.invokeVirtual(java.lang.Object, java.lang.Object)'> (0x00000000eabbeac8) 
thrown [e:\jenkins\tmp\workspace\build\src\src\hotspot\share\interpreter\linkResolver.cpp, line 766]
Event: 13.880 Thread 0x000001bfb4f4ecf0 Implicit null exception at 0x000001bfa63de2ac to 0x000001bfa63de39c
Event: 14.285 Thread 0x000001bfb2faf1d0 Implicit null exception at 0x000001bfa638eb6c to 0x000001bfa638ec14
Event: 14.324 Thread 0x000001bfb2faf1d0 Exception <a 'java/lang/NoSuchMethodError'{0x00000000eab45db8}: 'java.lang.Object java.lang.invoke.DirectMethodHandle$Holder.newInvokeSpecial(java.lang.Object, java.lang.Object, java.lang.Object, int, java.lang.Object)'> (0x00000000eab45db8) 
thrown [e:\jenkins\tmp\workspace\build\src\src\hotspot\share\interpreter\linkResolver.cpp, line 766]
Event: 14.327 Thread 0x000001bfb2faf1d0 Exception <a 'java/lang/NoSuchMethodError'{0x00000000eab49f68}: 'java.lang.Object java.lang.invoke.DirectMethodHandle$Holder.invokeSpecial(java.lang.Object, java.lang.Object, java.lang.Object, java.lang.Object, int, java.lang.Object)'> (0x00000000eab49f68) 
thrown [e:\jenkins\tmp\workspace\build\src\src\hotspot\share\interpreter\linkResolver.cpp, line 766]
Event: 14.345 Thread 0x000001bfb2faf1d0 Exception <a 'sun/nio/fs/WindowsException'{0x00000000eacf2670}> (0x00000000eacf2670) 
thrown [e:\jenkins\tmp\workspace\build\src\src\hotspot\share\prims\jni.cpp, line 516]
Event: 14.349 Thread 0x000001bfb2faf1d0 Exception <a 'sun/nio/fs/WindowsException'{0x00000000ead41588}> (0x00000000ead41588) 
thrown [e:\jenkins\tmp\workspace\build\src\src\hotspot\share\prims\jni.cpp, line 516]
Event: 14.350 Thread 0x000001bfb2faf1d0 Exception <a 'sun/nio/fs/WindowsException'{0x00000000eae5cd40}> (0x00000000eae5cd40) 
thrown [e:\jenkins\tmp\workspace\build\src\src\hotspot\share\prims\jni.cpp, line 516]
Event: 14.352 Thread 0x000001bfb2faf1d0 Exception <a 'sun/nio/fs/WindowsException'{0x00000000eaef05a8}> (0x00000000eaef05a8) 
thrown [e:\jenkins\tmp\workspace\build\src\src\hotspot\share\prims\jni.cpp, line 516]
Event: 14.357 Thread 0x000001bfb2faf1d0 Exception <a 'sun/nio/fs/WindowsException'{0x00000000eafd0730}> (0x00000000eafd0730) 
thrown [e:\jenkins\tmp\workspace\build\src\src\hotspot\share\prims\jni.cpp, line 516]
Event: 15.426 Thread 0x000001bfb4f4ecf0 Implicit null exception at 0x000001bfa64a7244 to 0x000001bfa64b0c8c
Event: 17.387 Thread 0x000001bfb2faf1d0 Exception <a 'sun/nio/fs/WindowsException'{0x00000000eaf4a440}> (0x00000000eaf4a440) 
thrown [e:\jenkins\tmp\workspace\build\src\src\hotspot\share\prims\jni.cpp, line 516]
Event: 17.401 Thread 0x000001bfb2faf1d0 Exception <a 'sun/nio/fs/WindowsException'{0x00000000eb46fb88}> (0x00000000eb46fb88) 
thrown [e:\jenkins\tmp\workspace\build\src\src\hotspot\share\prims\jni.cpp, line 516]
Event: 17.402 Thread 0x000001bfb2faf1d0 Exception <a 'sun/nio/fs/WindowsException'{0x00000000eb4f05b0}> (0x00000000eb4f05b0) 
thrown [e:\jenkins\tmp\workspace\build\src\src\hotspot\share\prims\jni.cpp, line 516]
Event: 17.402 Thread 0x000001bfb2faf1d0 Exception <a 'sun/nio/fs/WindowsException'{0x00000000eb5b3320}> (0x00000000eb5b3320) 
thrown [e:\jenkins\tmp\workspace\build\src\src\hotspot\share\prims\jni.cpp, line 516]
Event: 17.403 Thread 0x000001bfb2faf1d0 Exception <a 'sun/nio/fs/WindowsException'{0x00000000eb5b8c80}> (0x00000000eb5b8c80) 
thrown [e:\jenkins\tmp\workspace\build\src\src\hotspot\share\prims\jni.cpp, line 516]
Event: 17.404 Thread 0x000001bfb2faf1d0 Exception <a 'sun/nio/fs/WindowsException'{0x00000000eb63f4d8}> (0x00000000eb63f4d8) 
thrown [e:\jenkins\tmp\workspace\build\src\src\hotspot\share\prims\jni.cpp, line 516]
Event: 17.424 Thread 0x000001bfb2faf1d0 Exception <a 'sun/nio/fs/WindowsException'{0x00000000eb0864e0}> (0x00000000eb0864e0) 
thrown [e:\jenkins\tmp\workspace\build\src\src\hotspot\share\prims\jni.cpp, line 516]
Event: 17.430 Thread 0x000001bfb2faf1d0 Exception <a 'sun/nio/fs/WindowsException'{0x00000000eb263300}> (0x00000000eb263300) 
thrown [e:\jenkins\tmp\workspace\build\src\src\hotspot\share\prims\jni.cpp, line 516]

VM Operations (20 events):
Event: 18.101 Executing VM operation: ParallelGCFailedAllocation
Event: 18.266 Executing VM operation: ParallelGCFailedAllocation done
Event: 18.425 Executing VM operation: ParallelGCFailedAllocation
Event: 18.432 Executing VM operation: ParallelGCFailedAllocation done
Event: 18.452 Executing VM operation: HandshakeAllThreads
Event: 18.452 Executing VM operation: HandshakeAllThreads done
Event: 18.469 Executing VM operation: HandshakeAllThreads
Event: 18.469 Executing VM operation: HandshakeAllThreads done
Event: 18.483 Executing VM operation: HandshakeAllThreads
Event: 18.483 Executing VM operation: HandshakeAllThreads done
Event: 18.560 Executing VM operation: ParallelGCFailedAllocation
Event: 18.572 Executing VM operation: ParallelGCFailedAllocation done
Event: 18.690 Executing VM operation: ParallelGCFailedAllocation
Event: 18.703 Executing VM operation: ParallelGCFailedAllocation done
Event: 18.838 Executing VM operation: ParallelGCFailedAllocation
Event: 18.849 Executing VM operation: ParallelGCFailedAllocation done
Event: 18.967 Executing VM operation: ParallelGCFailedAllocation
Event: 18.978 Executing VM operation: ParallelGCFailedAllocation done
Event: 19.175 Executing VM operation: ParallelGCFailedAllocation
Event: 19.194 Executing VM operation: ParallelGCFailedAllocation done

Events (20 events):
Event: 18.492 Thread 0x000001bfb1aba670 flushing nmethod 0x000001bf9f6f5c10
Event: 18.492 Thread 0x000001bfb1aba670 flushing nmethod 0x000001bf9f6f7f90
Event: 18.492 Thread 0x000001bfb1aba670 flushing nmethod 0x000001bf9f6f9a10
Event: 18.492 Thread 0x000001bfb1aba670 flushing nmethod 0x000001bf9f6fb110
Event: 18.492 Thread 0x000001bfb1aba670 flushing nmethod 0x000001bf9f701610
Event: 18.492 Thread 0x000001bfb1aba670 flushing nmethod 0x000001bf9f701990
Event: 18.492 Thread 0x000001bfb1aba670 flushing nmethod 0x000001bf9f703e90
Event: 18.492 Thread 0x000001bfb1aba670 flushing nmethod 0x000001bf9f736110
Event: 18.492 Thread 0x000001bfb1aba670 flushing nmethod 0x000001bf9f73ec90
Event: 18.492 Thread 0x000001bfb1aba670 flushing nmethod 0x000001bf9f744c90
Event: 18.492 Thread 0x000001bfb1aba670 flushing nmethod 0x000001bf9f74ee90
Event: 18.492 Thread 0x000001bfb1aba670 flushing nmethod 0x000001bf9f76c810
Event: 18.492 Thread 0x000001bfb1aba670 flushing nmethod 0x000001bf9f76cb90
Event: 18.492 Thread 0x000001bfb1aba670 flushing nmethod 0x000001bf9f77a010
Event: 18.492 Thread 0x000001bfb1aba670 flushing nmethod 0x000001bf9f780610
Event: 18.492 Thread 0x000001bfb1aba670 flushing nmethod 0x000001bf9f7a2290
Event: 18.492 Thread 0x000001bfb1aba670 flushing nmethod 0x000001bf9f7aa290
Event: 18.492 Thread 0x000001bfb1aba670 flushing nmethod 0x000001bf9f7ae490
Event: 18.492 Thread 0x000001bfb1aba670 flushing nmethod 0x000001bf9f7afa90
Event: 18.492 Thread 0x000001bfb1aba670 flushing nmethod 0x000001bf9f7e6890


Dynamic libraries:
0x00007ff635780000 - 0x00007ff63578e000 	c:\Users\ASUS\.vscode\extensions\redhat.java-1.9.0-win32-x64\jre\17.0.3-win32-x86_64\bin\java.exe
0x00007ffc3f940000 - 0x00007ffc3fb49000 	C:\WINDOWS\SYSTEM32\ntdll.dll
0x00007ffc3df70000 - 0x00007ffc3e02d000 	C:\WINDOWS\System32\KERNEL32.DLL
0x00007ffc3d160000 - 0x00007ffc3d4d9000 	C:\WINDOWS\System32\KERNELBASE.dll
0x00007ffc374c0000 - 0x00007ffc37551000 	C:\WINDOWS\SYSTEM32\apphelp.dll
0x00007ffc3d510000 - 0x00007ffc3d621000 	C:\WINDOWS\System32\ucrtbase.dll
0x00007ffc34e80000 - 0x00007ffc34e99000 	c:\Users\ASUS\.vscode\extensions\redhat.java-1.9.0-win32-x64\jre\17.0.3-win32-x86_64\bin\VCRUNTIME140.dll
0x00007ffc30790000 - 0x00007ffc307a8000 	c:\Users\ASUS\.vscode\extensions\redhat.java-1.9.0-win32-x64\jre\17.0.3-win32-x86_64\bin\jli.dll
0x00007ffc3e870000 - 0x00007ffc3ea1c000 	C:\WINDOWS\System32\USER32.dll
0x00007ffc3d4e0000 - 0x00007ffc3d506000 	C:\WINDOWS\System32\win32u.dll
0x00007ffc3e840000 - 0x00007ffc3e869000 	C:\WINDOWS\System32\GDI32.dll
0x00007ffc3d6b0000 - 0x00007ffc3d7c2000 	C:\WINDOWS\System32\gdi32full.dll
0x00007ffc2a340000 - 0x00007ffc2a5e5000 	C:\WINDOWS\WinSxS\amd64_microsoft.windows.common-controls_6595b64144ccf1df_6.0.22000.120_none_9d947278b86cc467\COMCTL32.dll
0x00007ffc3ce20000 - 0x00007ffc3cebd000 	C:\WINDOWS\System32\msvcp_win.dll
0x00007ffc3d950000 - 0x00007ffc3d9f3000 	C:\WINDOWS\System32\msvcrt.dll
0x00007ffc3d8f0000 - 0x00007ffc3d921000 	C:\WINDOWS\System32\IMM32.DLL
0x00007ffc34df0000 - 0x00007ffc34dfc000 	c:\Users\ASUS\.vscode\extensions\redhat.java-1.9.0-win32-x64\jre\17.0.3-win32-x86_64\bin\vcruntime140_1.dll
0x00007ffbeefb0000 - 0x00007ffbef041000 	c:\Users\ASUS\.vscode\extensions\redhat.java-1.9.0-win32-x64\jre\17.0.3-win32-x86_64\bin\msvcp140.dll
0x00007ffbc67f0000 - 0x00007ffbc7438000 	c:\Users\ASUS\.vscode\extensions\redhat.java-1.9.0-win32-x64\jre\17.0.3-win32-x86_64\bin\server\jvm.dll
0x00007ffc3e6f0000 - 0x00007ffc3e79e000 	C:\WINDOWS\System32\ADVAPI32.dll
0x00007ffc3e7a0000 - 0x00007ffc3e83e000 	C:\WINDOWS\System32\sechost.dll
0x00007ffc3dcb0000 - 0x00007ffc3ddd0000 	C:\WINDOWS\System32\RPCRT4.dll
0x00007ffc3f570000 - 0x00007ffc3f578000 	C:\WINDOWS\System32\PSAPI.DLL
0x00007ffc34020000 - 0x00007ffc34029000 	C:\WINDOWS\SYSTEM32\WSOCK32.dll
0x00007ffc3da00000 - 0x00007ffc3da6f000 	C:\WINDOWS\System32\WS2_32.dll
0x00007ffc358b0000 - 0x00007ffc358e3000 	C:\WINDOWS\SYSTEM32\WINMM.dll
0x00007ffc35610000 - 0x00007ffc3561a000 	C:\WINDOWS\SYSTEM32\VERSION.dll
0x00007ffc3c010000 - 0x00007ffc3c028000 	C:\WINDOWS\SYSTEM32\kernel.appcore.dll
0x00007ffc33300000 - 0x00007ffc3330a000 	c:\Users\ASUS\.vscode\extensions\redhat.java-1.9.0-win32-x64\jre\17.0.3-win32-x86_64\bin\jimage.dll
0x00007ffc3a860000 - 0x00007ffc3aa81000 	C:\WINDOWS\SYSTEM32\DBGHELP.DLL
0x00007ffc34a20000 - 0x00007ffc34a51000 	C:\WINDOWS\SYSTEM32\dbgcore.DLL
0x00007ffc3d630000 - 0x00007ffc3d6af000 	C:\WINDOWS\System32\bcryptPrimitives.dll
0x00007ffc332e0000 - 0x00007ffc332ee000 	c:\Users\ASUS\.vscode\extensions\redhat.java-1.9.0-win32-x64\jre\17.0.3-win32-x86_64\bin\instrument.dll
0x00007ffc2cc10000 - 0x00007ffc2cc35000 	c:\Users\ASUS\.vscode\extensions\redhat.java-1.9.0-win32-x64\jre\17.0.3-win32-x86_64\bin\java.dll
0x00007ffc2f260000 - 0x00007ffc2f278000 	c:\Users\ASUS\.vscode\extensions\redhat.java-1.9.0-win32-x64\jre\17.0.3-win32-x86_64\bin\zip.dll
0x00007ffc3ed50000 - 0x00007ffc3f508000 	C:\WINDOWS\System32\SHELL32.dll
0x00007ffc3afa0000 - 0x00007ffc3b807000 	C:\WINDOWS\SYSTEM32\windows.storage.dll
0x00007ffc3f580000 - 0x00007ffc3f8f9000 	C:\WINDOWS\System32\combase.dll
0x00007ffc3ae30000 - 0x00007ffc3af96000 	C:\WINDOWS\SYSTEM32\wintypes.dll
0x00007ffc3dae0000 - 0x00007ffc3dbca000 	C:\WINDOWS\System32\SHCORE.dll
0x00007ffc3ea20000 - 0x00007ffc3ea7d000 	C:\WINDOWS\System32\shlwapi.dll
0x00007ffc3cd50000 - 0x00007ffc3cd71000 	C:\WINDOWS\SYSTEM32\profapi.dll
0x00007ffc1e910000 - 0x00007ffc1e929000 	C:\Users\ASUS\.vscode\extensions\redhat.java-1.9.0-win32-x64\jre\17.0.3-win32-x86_64\bin\net.dll
0x00007ffc36670000 - 0x00007ffc3677c000 	C:\WINDOWS\SYSTEM32\WINHTTP.dll
0x00007ffc3c440000 - 0x00007ffc3c4a7000 	C:\WINDOWS\system32\mswsock.dll
0x00007ffc1e810000 - 0x00007ffc1e825000 	C:\Users\ASUS\.vscode\extensions\redhat.java-1.9.0-win32-x64\jre\17.0.3-win32-x86_64\bin\nio.dll
0x00007ffc30780000 - 0x00007ffc30790000 	c:\Users\ASUS\.vscode\extensions\redhat.java-1.9.0-win32-x64\jre\17.0.3-win32-x86_64\bin\verify.dll
0x00007ffc17e90000 - 0x00007ffc17ece000 	C:\Users\ASUS\AppData\Roaming\Code\User\globalStorage\redhat.java\1.9.0\config_win\org.eclipse.equinox.launcher\org.eclipse.equinox.launcher.win32.win32.x86_64_1.2.500.v20220509-0833\eclipse_11700.dll
0x00007ffc3ddd0000 - 0x00007ffc3df6a000 	C:\WINDOWS\System32\ole32.dll
0x00007ffc30760000 - 0x00007ffc30769000 	C:\Users\ASUS\.vscode\extensions\redhat.java-1.9.0-win32-x64\jre\17.0.3-win32-x86_64\bin\management.dll
0x00007ffc2f480000 - 0x00007ffc2f48b000 	C:\Users\ASUS\.vscode\extensions\redhat.java-1.9.0-win32-x64\jre\17.0.3-win32-x86_64\bin\management_ext.dll
0x00007ffc3c680000 - 0x00007ffc3c698000 	C:\WINDOWS\SYSTEM32\CRYPTSP.dll
0x00007ffc3bf70000 - 0x00007ffc3bfa5000 	C:\WINDOWS\system32\rsaenh.dll
0x00007ffc3c530000 - 0x00007ffc3c559000 	C:\WINDOWS\SYSTEM32\USERENV.dll
0x00007ffc3c800000 - 0x00007ffc3c827000 	C:\WINDOWS\SYSTEM32\bcrypt.dll
0x00007ffc3c6a0000 - 0x00007ffc3c6ac000 	C:\WINDOWS\SYSTEM32\CRYPTBASE.dll
0x00007ffc3bb40000 - 0x00007ffc3bb6d000 	C:\WINDOWS\SYSTEM32\IPHLPAPI.DLL
0x00007ffc3dad0000 - 0x00007ffc3dad9000 	C:\WINDOWS\System32\NSI.dll
0x00007ffc35ae0000 - 0x00007ffc35af9000 	C:\WINDOWS\SYSTEM32\dhcpcsvc6.DLL
0x00007ffc35ca0000 - 0x00007ffc35cbe000 	C:\WINDOWS\SYSTEM32\dhcpcsvc.DLL
0x00007ffc3bb70000 - 0x00007ffc3bc58000 	C:\WINDOWS\SYSTEM32\DNSAPI.dll
0x00007ffc03d50000 - 0x00007ffc03d94000 	C:\Users\ASUS\AppData\Local\Temp\jna-2018896\jna7159166474771369687.dll
0x00007ffc2ed50000 - 0x00007ffc2ed5e000 	C:\Users\ASUS\.vscode\extensions\redhat.java-1.9.0-win32-x64\jre\17.0.3-win32-x86_64\bin\sunmscapi.dll
0x00007ffc3cff0000 - 0x00007ffc3d152000 	C:\WINDOWS\System32\CRYPT32.dll
0x00007ffc3c7d0000 - 0x00007ffc3c7f8000 	C:\WINDOWS\SYSTEM32\ncrypt.dll
0x00007ffc3c790000 - 0x00007ffc3c7c7000 	C:\WINDOWS\SYSTEM32\NTASN1.dll
0x00007ffc35190000 - 0x00007ffc3519a000 	C:\Windows\System32\rasadhlp.dll
0x00007ffc35310000 - 0x00007ffc35391000 	C:\WINDOWS\System32\fwpuclnt.dll

dbghelp: loaded successfully - version: 4.0.5 - missing functions: none
symbol engine: initialized successfully - sym options: 0x614 - pdb path: .;c:\Users\ASUS\.vscode\extensions\redhat.java-1.9.0-win32-x64\jre\17.0.3-win32-x86_64\bin;C:\WINDOWS\SYSTEM32;C:\WINDOWS\WinSxS\amd64_microsoft.windows.common-controls_6595b64144ccf1df_6.0.22000.120_none_9d947278b86cc467;c:\Users\ASUS\.vscode\extensions\redhat.java-1.9.0-win32-x64\jre\17.0.3-win32-x86_64\bin\server;C:\Users\ASUS\AppData\Roaming\Code\User\globalStorage\redhat.java\1.9.0\config_win\org.eclipse.equinox.launcher\org.eclipse.equinox.launcher.win32.win32.x86_64_1.2.500.v20220509-0833;C:\Users\ASUS\AppData\Local\Temp\jna-2018896

VM Arguments:
jvm_args: --add-modules=ALL-SYSTEM --add-opens=java.base/java.util=ALL-UNNAMED --add-opens=java.base/java.lang=ALL-UNNAMED --add-opens=java.base/sun.nio.fs=ALL-UNNAMED -Declipse.application=org.eclipse.jdt.ls.core.id1 -Dosgi.bundles.defaultStartLevel=4 -Declipse.product=org.eclipse.jdt.ls.core.product -Djava.import.generatesMetadataFilesAtProjectRoot=false -Dfile.encoding=utf8 -DwatchParentProcess=false -XX:+UseParallelGC -XX:GCTimeRatio=4 -XX:AdaptiveSizePolicyWeight=90 -Dsun.zip.disableMemoryMapping=true -Xmx1G -Xms100m -javaagent:c:\Users\ASUS\.vscode\extensions\redhat.java-1.9.0-win32-x64\lombok\lombok-1.18.24.jar -XX:+HeapDumpOnOutOfMemoryError -XX:HeapDumpPath=c:\Users\ASUS\AppData\Roaming\Code\User\workspaceStorage\8e73943d62e0a0d1710d2c827a2d9be0\redhat.java 
java_command: c:\Users\ASUS\.vscode\extensions\redhat.java-1.9.0-win32-x64\server\plugins\org.eclipse.equinox.launcher_1.6.400.v20210924-0641.jar -configuration c:\Users\ASUS\AppData\Roaming\Code\User\globalStorage\redhat.java\1.9.0\config_win -data c:\Users\ASUS\AppData\Roaming\Code\User\workspaceStorage\8e73943d62e0a0d1710d2c827a2d9be0\redhat.java\jdt_ws
java_class_path (initial): c:\Users\ASUS\.vscode\extensions\redhat.java-1.9.0-win32-x64\server\plugins\org.eclipse.equinox.launcher_1.6.400.v20210924-0641.jar
Launcher Type: SUN_STANDARD

[Global flags]
    uintx AdaptiveSizePolicyWeight                 = 90                                        {product} {command line}
     intx CICompilerCount                          = 4                                         {product} {ergonomic}
    uintx GCTimeRatio                              = 4                                         {product} {command line}
     bool HeapDumpOnOutOfMemoryError               = true                                   {manageable} {command line}
    ccstr HeapDumpPath                             = c:\Users\ASUS\AppData\Roaming\Code\User\workspaceStorage\8e73943d62e0a0d1710d2c827a2d9be0\redhat.java         {manageable} {command line}
   size_t InitialHeapSize                          = 104857600                                 {product} {command line}
   size_t MaxHeapSize                              = 1073741824                                {product} {command line}
   size_t MaxNewSize                               = 357564416                                 {product} {ergonomic}
   size_t MinHeapDeltaBytes                        = 524288                                    {product} {ergonomic}
   size_t MinHeapSize                              = 104857600                                 {product} {command line}
   size_t NewSize                                  = 34603008                                  {product} {ergonomic}
    uintx NonNMethodCodeHeapSize                   = 5839372                                {pd product} {ergonomic}
    uintx NonProfiledCodeHeapSize                  = 122909434                              {pd product} {ergonomic}
   size_t OldSize                                  = 70254592                                  {product} {ergonomic}
    uintx ProfiledCodeHeapSize                     = 122909434                              {pd product} {ergonomic}
    uintx ReservedCodeCacheSize                    = 251658240                              {pd product} {ergonomic}
     bool SegmentedCodeCache                       = true                                      {product} {ergonomic}
   size_t SoftMaxHeapSize                          = 1073741824                             {manageable} {ergonomic}
     bool UseCompressedClassPointers               = true                           {product lp64_product} {ergonomic}
     bool UseCompressedOops                        = true                           {product lp64_product} {ergonomic}
     bool UseLargePagesIndividualAllocation        = false                                  {pd product} {ergonomic}
     bool UseParallelGC                            = true                                      {product} {command line}

Logging:
Log output configuration:
 #0: stdout all=warning uptime,level,tags
 #1: stderr all=off uptime,level,tags

Environment Variables:
JAVA_HOME=C:\Program Files\OpenJDK\openjdk-11.0.16_8
PATH=C:\Program Files (x86)\Common Files\Oracle\Java\javapath;C:\Program Files\Common Files\Oracle\Java\javapath;C:\Windows\system32;C:\Windows;C:\Windows\System32\Wbem;C:\Windows\System32\WindowsPowerShell\v1.0\;C:\Windows\System32\OpenSSH\;C:\Program Files (x86)\NVIDIA Corporation\PhysX\Common;C:\Program Files\dotnet\;C:\Program Files\Microsoft SQL Server\130\Tools\Binn\;C:\Program Files\Microsoft SQL Server\Client SDK\ODBC\170\Tools\Binn\;C:\Program Files (x86)\Microsoft SQL Server\150\Tools\Binn\;C:\Program Files\Microsoft SQL Server\150\Tools\Binn\;C:\Program Files\Microsoft SQL Server\150\DTS\Binn\;C:\Program Files (x86)\Microsoft SQL Server\150\DTS\Binn\;C:\Program Files (x86)\dotnet\;D:\Temp\bin;C:\Program Files\OpenJDK\openjdk-11.0.16_8\bin;C:\hadoop\hadoop-2.6.0;C:\hadoop\hadoop-2.6.0\bin;C:\hadoop\hadoop-2.6.0\sbin;C:\WINDOWS\system32;C:\WINDOWS;C:\WINDOWS\System32\Wbem;C:\WINDOWS\System32\WindowsPowerShell\v1.0\;C:\WINDOWS\System32\OpenSSH\;C:\Program Files\Git\cmd;C:\ProgramData\chocolatey\bin;C:\Program Files\nodejs\;C:\Users\ASUS\AppData\Local\Programs\Python\Python310\Scripts\;C:\Users\ASUS\AppData\Local\Programs\Python\Python310\;C:\Program Files\MySQL\MySQL Shell 8.0\bin\;C:\Users\ASUS\AppData\Local\Microsoft\WindowsApps;C:\Users\ASUS\AppData\Local\Programs\Microsoft VS Code\bin;C:\Users\ASUS\.dotnet\tools;C:\Program Files\Azure Data Studio\bin;C:\Users\ASUS\AppData\Local\Android\sdk\platform-tools;C:\Program Files\Java\jdk-11.0.15;C:\Users\ASUS\AppData\Roaming\npm;
USERNAME=ASUS
OS=Windows_NT
PROCESSOR_IDENTIFIER=Intel64 Family 6 Model 140 Stepping 1, GenuineIntel



---------------  S Y S T E M  ---------------

OS:
 Windows 11 , 64 bit Build 22000 (10.0.22000.708)
OS uptime: 9 days 20:44 hours

CPU: total 8 (initial active 8) (4 cores per cpu, 2 threads per core) family 6 model 140 stepping 1 microcode 0x86, cx8, cmov, fxsr, ht, mmx, 3dnowpref, sse, sse2, sse3, ssse3, sse4.1, sse4.2, popcnt, lzcnt, tsc, tscinvbit, avx, avx2, aes, erms, clmul, bmi1, bmi2, adx, avx512f, avx512dq, avx512cd, avx512bw, avx512vl, sha, fma, vzeroupper, avx512_vpopcntdq, avx512_vpclmulqdq, avx512_vaes, avx512_vnni, clflush, clflushopt, clwb, avx512_vbmi2, avx512_vbmi

Memory: 4k page, system-wide physical 7873M (467M free)
TotalPageFile size 13519M (AvailPageFile size 15M)
current process WorkingSet (physical memory assigned to process): 600M, peak: 601M
current process commit charge ("private bytes"): 561M, peak: 573M

vm_info: OpenJDK 64-Bit Server VM (17.0.3+7) for windows-amd64 JRE (17.0.3+7), built on Apr 19 2022 16:55:35 by "" with MS VC++ 16.7 (VS2019)

END.
